{"/home/travis/build/npmtest/node-npmtest-countdown/test.js":{"path":"/home/travis/build/npmtest/node-npmtest-countdown/test.js","s":{"1":2,"2":2,"3":2,"4":2,"5":2,"6":2,"7":2,"8":1,"9":2,"10":2,"11":1,"12":1,"13":1,"14":1,"15":2,"16":2,"17":2,"18":2,"19":1,"20":1,"21":2,"22":2,"23":2,"24":1,"25":1,"26":1,"27":1,"28":1,"29":1,"30":1,"31":1,"32":1,"33":1,"34":1,"35":1,"36":1,"37":1,"38":1,"39":2,"40":2,"41":1,"42":2,"43":2,"44":1,"45":2,"46":2,"47":1,"48":2,"49":2,"50":1,"51":1,"52":1,"53":1,"54":1},"b":{"1":[2,1,1,1],"2":[1,1,1,1],"3":[1,1],"4":[1,1],"5":[1,1],"6":[1,1],"7":[1,1],"8":[1,1],"9":[1,1],"10":[1,1,1],"11":[1,1],"12":[1,1],"13":[1,1],"14":[1,1],"15":[1,1],"16":[1,1],"17":[1,1]},"f":{"1":2,"2":2,"3":2,"4":2,"5":2,"6":1,"7":1,"8":1,"9":2,"10":2,"11":2,"12":2,"13":1},"fnMap":{"1":{"name":"(anonymous_1)","line":12,"loc":{"start":{"line":12,"column":1},"end":{"line":12,"column":13}}},"2":{"name":"(anonymous_2)","line":19,"loc":{"start":{"line":19,"column":5},"end":{"line":19,"column":17}}},"3":{"name":"(anonymous_3)","line":23,"loc":{"start":{"line":23,"column":24},"end":{"line":23,"column":36}}},"4":{"name":"(anonymous_4)","line":61,"loc":{"start":{"line":61,"column":5},"end":{"line":61,"column":17}}},"5":{"name":"(anonymous_5)","line":82,"loc":{"start":{"line":82,"column":5},"end":{"line":82,"column":17}}},"6":{"name":"(anonymous_6)","line":91,"loc":{"start":{"line":91,"column":77},"end":{"line":94,"column":10}}},"7":{"name":"(anonymous_7)","line":112,"loc":{"start":{"line":112,"column":83},"end":{"line":115,"column":10}},"skip":true},"8":{"name":"(anonymous_8)","line":123,"loc":{"start":{"line":123,"column":77},"end":{"line":126,"column":10}},"skip":true},"9":{"name":"(anonymous_9)","line":139,"loc":{"start":{"line":139,"column":12},"end":{"line":139,"column":40}},"skip":true},"10":{"name":"(anonymous_10)","line":147,"loc":{"start":{"line":147,"column":77},"end":{"line":150,"column":10}},"skip":true},"11":{"name":"(anonymous_11)","line":158,"loc":{"start":{"line":158,"column":83},"end":{"line":161,"column":10}},"skip":true},"12":{"name":"(anonymous_12)","line":169,"loc":{"start":{"line":169,"column":79},"end":{"line":172,"column":10}},"skip":true},"13":{"name":"(anonymous_13)","line":180,"loc":{"start":{"line":180,"column":75},"end":{"line":183,"column":10}},"skip":true}},"statementMap":{"1":{"start":{"line":12,"column":0},"end":{"line":195,"column":5}},"2":{"start":{"line":14,"column":4},"end":{"line":14,"column":14}},"3":{"start":{"line":19,"column":4},"end":{"line":56,"column":9}},"4":{"start":{"line":21,"column":8},"end":{"line":21,"column":19}},"5":{"start":{"line":23,"column":8},"end":{"line":35,"column":13}},"6":{"start":{"line":24,"column":12},"end":{"line":34,"column":13}},"7":{"start":{"line":25,"column":16},"end":{"line":28,"column":30}},"8":{"start":{"line":30,"column":16},"end":{"line":33,"column":27}},"9":{"start":{"line":37,"column":8},"end":{"line":39,"column":21}},"10":{"start":{"line":40,"column":8},"end":{"line":53,"column":9}},"11":{"start":{"line":43,"column":12},"end":{"line":46,"column":14}},"12":{"start":{"line":47,"column":12},"end":{"line":47,"column":18}},"13":{"start":{"line":50,"column":12},"end":{"line":51,"column":33}},"14":{"start":{"line":52,"column":12},"end":{"line":52,"column":18}},"15":{"start":{"line":55,"column":8},"end":{"line":55,"column":35}},"16":{"start":{"line":61,"column":4},"end":{"line":63,"column":9}},"17":{"start":{"line":62,"column":8},"end":{"line":62,"column":15}},"18":{"start":{"line":64,"column":4},"end":{"line":77,"column":5}},"19":{"start":{"line":70,"column":8},"end":{"line":70,"column":14}},"20":{"start":{"line":76,"column":8},"end":{"line":76,"column":14}},"21":{"start":{"line":82,"column":4},"end":{"line":84,"column":9}},"22":{"start":{"line":83,"column":8},"end":{"line":83,"column":15}},"23":{"start":{"line":85,"column":4},"end":{"line":194,"column":5}},"24":{"start":{"line":91,"column":8},"end":{"line":99,"column":10}},"25":{"start":{"line":98,"column":12},"end":{"line":98,"column":35}},"26":{"start":{"line":102,"column":8},"end":{"line":104,"column":63}},"27":{"start":{"line":105,"column":8},"end":{"line":105,"column":14}},"28":{"start":{"line":112,"column":8},"end":{"line":121,"column":10},"skip":true},"29":{"start":{"line":119,"column":12},"end":{"line":119,"column":55},"skip":true},"30":{"start":{"line":120,"column":12},"end":{"line":120,"column":48},"skip":true},"31":{"start":{"line":123,"column":8},"end":{"line":136,"column":10},"skip":true},"32":{"start":{"line":130,"column":12},"end":{"line":130,"column":76},"skip":true},"33":{"start":{"line":131,"column":12},"end":{"line":131,"column":73},"skip":true},"34":{"start":{"line":132,"column":12},"end":{"line":132,"column":74},"skip":true},"35":{"start":{"line":133,"column":12},"end":{"line":133,"column":79},"skip":true},"36":{"start":{"line":134,"column":12},"end":{"line":134,"column":25},"skip":true},"37":{"start":{"line":135,"column":12},"end":{"line":135,"column":45},"skip":true},"38":{"start":{"line":138,"column":8},"end":{"line":145,"column":14},"skip":true},"39":{"start":{"line":143,"column":16},"end":{"line":143,"column":29},"skip":true},"40":{"start":{"line":144,"column":16},"end":{"line":144,"column":55},"skip":true},"41":{"start":{"line":147,"column":8},"end":{"line":156,"column":10},"skip":true},"42":{"start":{"line":154,"column":12},"end":{"line":154,"column":25},"skip":true},"43":{"start":{"line":155,"column":12},"end":{"line":155,"column":45},"skip":true},"44":{"start":{"line":158,"column":8},"end":{"line":167,"column":10},"skip":true},"45":{"start":{"line":165,"column":12},"end":{"line":165,"column":25},"skip":true},"46":{"start":{"line":166,"column":12},"end":{"line":166,"column":48},"skip":true},"47":{"start":{"line":169,"column":8},"end":{"line":178,"column":10},"skip":true},"48":{"start":{"line":176,"column":12},"end":{"line":176,"column":25},"skip":true},"49":{"start":{"line":177,"column":12},"end":{"line":177,"column":46},"skip":true},"50":{"start":{"line":180,"column":8},"end":{"line":189,"column":10},"skip":true},"51":{"start":{"line":187,"column":12},"end":{"line":187,"column":94},"skip":true},"52":{"start":{"line":188,"column":12},"end":{"line":188,"column":48},"skip":true},"53":{"start":{"line":192,"column":8},"end":{"line":192,"column":35},"skip":true},"54":{"start":{"line":193,"column":8},"end":{"line":193,"column":14},"skip":true}},"branchMap":{"1":{"line":25,"type":"binary-expr","locations":[{"start":{"line":25,"column":23},"end":{"line":25,"column":62}},{"start":{"line":26,"column":20},"end":{"line":26,"column":70}},{"start":{"line":27,"column":20},"end":{"line":27,"column":71}},{"start":{"line":28,"column":20},"end":{"line":28,"column":29}}]},"2":{"line":30,"type":"binary-expr","locations":[{"start":{"line":30,"column":23},"end":{"line":30,"column":37}},{"start":{"line":31,"column":20},"end":{"line":31,"column":61}},{"start":{"line":32,"column":20},"end":{"line":32,"column":70}},{"start":{"line":33,"column":20},"end":{"line":33,"column":26}}]},"3":{"line":37,"type":"cond-expr","locations":[{"start":{"line":38,"column":14},"end":{"line":38,"column":20}},{"start":{"line":39,"column":14},"end":{"line":39,"column":20}}]},"4":{"line":40,"type":"switch","locations":[{"start":{"line":42,"column":8},"end":{"line":47,"column":18}},{"start":{"line":49,"column":8},"end":{"line":52,"column":18}}]},"5":{"line":44,"type":"binary-expr","locations":[{"start":{"line":44,"column":16},"end":{"line":44,"column":44}},{"start":{"line":44,"column":48},"end":{"line":44,"column":66}}]},"6":{"line":50,"type":"binary-expr","locations":[{"start":{"line":50,"column":21},"end":{"line":50,"column":49}},{"start":{"line":50,"column":53},"end":{"line":50,"column":72}}]},"7":{"line":64,"type":"switch","locations":[{"start":{"line":69,"column":4},"end":{"line":70,"column":14}},{"start":{"line":75,"column":4},"end":{"line":76,"column":14}}]},"8":{"line":85,"type":"switch","locations":[{"start":{"line":90,"column":4},"end":{"line":105,"column":14}},{"start":{"line":111,"column":4},"end":{"line":193,"column":14},"skip":true}]},"9":{"line":91,"type":"binary-expr","locations":[{"start":{"line":91,"column":42},"end":{"line":91,"column":73}},{"start":{"line":91,"column":77},"end":{"line":99,"column":9}}]},"10":{"line":102,"type":"binary-expr","locations":[{"start":{"line":102,"column":18},"end":{"line":102,"column":32}},{"start":{"line":103,"column":12},"end":{"line":103,"column":53}},{"start":{"line":104,"column":12},"end":{"line":104,"column":61}}]},"11":{"line":112,"type":"binary-expr","locations":[{"start":{"line":112,"column":45},"end":{"line":112,"column":79},"skip":true},{"start":{"line":112,"column":83},"end":{"line":121,"column":9},"skip":true}]},"12":{"line":123,"type":"binary-expr","locations":[{"start":{"line":123,"column":42},"end":{"line":123,"column":73},"skip":true},{"start":{"line":123,"column":77},"end":{"line":136,"column":9},"skip":true}]},"13":{"line":138,"type":"binary-expr","locations":[{"start":{"line":138,"column":48},"end":{"line":138,"column":85},"skip":true},{"start":{"line":139,"column":12},"end":{"line":145,"column":13},"skip":true}]},"14":{"line":147,"type":"binary-expr","locations":[{"start":{"line":147,"column":42},"end":{"line":147,"column":73},"skip":true},{"start":{"line":147,"column":77},"end":{"line":156,"column":9},"skip":true}]},"15":{"line":158,"type":"binary-expr","locations":[{"start":{"line":158,"column":45},"end":{"line":158,"column":79},"skip":true},{"start":{"line":158,"column":83},"end":{"line":167,"column":9},"skip":true}]},"16":{"line":169,"type":"binary-expr","locations":[{"start":{"line":169,"column":43},"end":{"line":169,"column":75},"skip":true},{"start":{"line":169,"column":79},"end":{"line":178,"column":9},"skip":true}]},"17":{"line":180,"type":"binary-expr","locations":[{"start":{"line":180,"column":41},"end":{"line":180,"column":71},"skip":true},{"start":{"line":180,"column":75},"end":{"line":189,"column":9},"skip":true}]}},"code":["/* istanbul instrument in package npmtest_countdown */","/*jslint","    bitwise: true,","    browser: true,","    maxerr: 8,","    maxlen: 96,","    node: true,","    nomen: true,","    regexp: true,","    stupid: true","*/","(function () {","    'use strict';","    var local;","","","","    // run shared js-env code - pre-init","    (function () {","        // init local","        local = {};","        // init modeJs","        local.modeJs = (function () {","            try {","                return typeof navigator.userAgent === 'string' &&","                    typeof document.querySelector('body') === 'object' &&","                    typeof XMLHttpRequest.prototype.open === 'function' &&","                    'browser';","            } catch (errorCaughtBrowser) {","                return module.exports &&","                    typeof process.versions.node === 'string' &&","                    typeof require('http').createServer === 'function' &&","                    'node';","            }","        }());","        // init global","        local.global = local.modeJs === 'browser'","            ? window","            : global;","        switch (local.modeJs) {","        // re-init local from window.local","        case 'browser':","            local = local.global.utility2.objectSetDefault(","                local.global.utility2_rollup || local.global.local,","                local.global.utility2","            );","            break;","        // re-init local from example.js","        case 'node':","            local = (local.global.utility2_rollup || require('utility2'))","                .requireReadme();","            break;","        }","        // export local","        local.global.local = local;","    }());","","","","    // run shared js-env code - function","    (function () {","        return;","    }());","    switch (local.modeJs) {","","","","    // run browser js-env code - function","    case 'browser':","        break;","","","","    // run node js-env code - function","    case 'node':","        break;","    }","","","","    // run shared js-env code - post-init","    (function () {","        return;","    }());","    switch (local.modeJs) {","","","","    // run browser js-env code - post-init","    case 'browser':","        local.testCase_browser_nullCase = local.testCase_browser_nullCase || function (","            options,","            onError","        ) {","        /*","         * this function will test browsers's null-case handling-behavior-behavior","         */","            onError(null, options);","        };","","        // run tests","        local.nop(local.modeTest &&","            document.querySelector('#testRunButton1') &&","            document.querySelector('#testRunButton1').click());","        break;","","","","    // run node js-env code - post-init","    /* istanbul ignore next */","    case 'node':","        local.testCase_buildApidoc_default = local.testCase_buildApidoc_default || function (","            options,","            onError","        ) {","        /*","         * this function will test buildApidoc's default handling-behavior-behavior","         */","            options = { modulePathList: module.paths };","            local.buildApidoc(options, onError);","        };","","        local.testCase_buildApp_default = local.testCase_buildApp_default || function (","            options,","            onError","        ) {","        /*","         * this function will test buildApp's default handling-behavior-behavior","         */","            local.testCase_buildReadme_default(options, local.onErrorThrow);","            local.testCase_buildLib_default(options, local.onErrorThrow);","            local.testCase_buildTest_default(options, local.onErrorThrow);","            local.testCase_buildCustomOrg_default(options, local.onErrorThrow);","            options = [];","            local.buildApp(options, onError);","        };","","        local.testCase_buildCustomOrg_default = local.testCase_buildCustomOrg_default ||","            function (options, onError) {","            /*","             * this function will test buildCustomOrg's default handling-behavior","             */","                options = {};","                local.buildCustomOrg(options, onError);","            };","","        local.testCase_buildLib_default = local.testCase_buildLib_default || function (","            options,","            onError","        ) {","        /*","         * this function will test buildLib's default handling-behavior","         */","            options = {};","            local.buildLib(options, onError);","        };","","        local.testCase_buildReadme_default = local.testCase_buildReadme_default || function (","            options,","            onError","        ) {","        /*","         * this function will test buildReadme's default handling-behavior-behavior","         */","            options = {};","            local.buildReadme(options, onError);","        };","","        local.testCase_buildTest_default = local.testCase_buildTest_default || function (","            options,","            onError","        ) {","        /*","         * this function will test buildTest's default handling-behavior","         */","            options = {};","            local.buildTest(options, onError);","        };","","        local.testCase_webpage_default = local.testCase_webpage_default || function (","            options,","            onError","        ) {","        /*","         * this function will test webpage's default handling-behavior","         */","            options = { modeCoverageMerge: true, url: local.serverLocalHost + '?modeTest=1' };","            local.browserTest(options, onError);","        };","","        // run test-server","        local.testRunServer(local);","        break;","    }","}());",""],"l":{"12":2,"14":2,"19":2,"21":2,"23":2,"24":2,"25":2,"30":1,"37":2,"40":2,"43":1,"47":1,"50":1,"52":1,"55":2,"61":2,"62":2,"64":2,"70":1,"76":1,"82":2,"83":2,"85":2,"91":1,"98":1,"102":1,"105":1,"112":1,"119":1,"120":1,"123":1,"130":1,"131":1,"132":1,"133":1,"134":1,"135":1,"138":1,"143":2,"144":2,"147":1,"154":2,"155":2,"158":1,"165":2,"166":2,"169":1,"176":2,"177":2,"180":1,"187":1,"188":1,"192":1,"193":1}},"/home/travis/build/npmtest/node-npmtest-countdown/lib.npmtest_countdown.js":{"path":"/home/travis/build/npmtest/node-npmtest-countdown/lib.npmtest_countdown.js","s":{"1":2,"2":2,"3":2,"4":2,"5":2,"6":2,"7":2,"8":1,"9":2,"10":2,"11":2,"12":2,"13":1,"14":1,"15":1,"16":1},"b":{"1":[2,1,1,1],"2":[1,1,1,1],"3":[1,1],"4":[2,2],"5":[1,1]},"f":{"1":2,"2":2,"3":2},"fnMap":{"1":{"name":"(anonymous_1)","line":12,"loc":{"start":{"line":12,"column":1},"end":{"line":12,"column":13}}},"2":{"name":"(anonymous_2)","line":19,"loc":{"start":{"line":19,"column":5},"end":{"line":19,"column":17}}},"3":{"name":"(anonymous_3)","line":23,"loc":{"start":{"line":23,"column":24},"end":{"line":23,"column":36}}}},"statementMap":{"1":{"start":{"line":12,"column":0},"end":{"line":53,"column":5}},"2":{"start":{"line":14,"column":4},"end":{"line":14,"column":14}},"3":{"start":{"line":19,"column":4},"end":{"line":52,"column":9}},"4":{"start":{"line":21,"column":8},"end":{"line":21,"column":19}},"5":{"start":{"line":23,"column":8},"end":{"line":35,"column":13}},"6":{"start":{"line":24,"column":12},"end":{"line":34,"column":13}},"7":{"start":{"line":25,"column":16},"end":{"line":28,"column":30}},"8":{"start":{"line":30,"column":16},"end":{"line":33,"column":27}},"9":{"start":{"line":37,"column":8},"end":{"line":39,"column":21}},"10":{"start":{"line":41,"column":8},"end":{"line":41,"column":54}},"11":{"start":{"line":43,"column":8},"end":{"line":43,"column":54}},"12":{"start":{"line":45,"column":8},"end":{"line":51,"column":9}},"13":{"start":{"line":46,"column":12},"end":{"line":46,"column":60}},"14":{"start":{"line":48,"column":12},"end":{"line":48,"column":35}},"15":{"start":{"line":49,"column":12},"end":{"line":49,"column":49}},"16":{"start":{"line":50,"column":12},"end":{"line":50,"column":43}}},"branchMap":{"1":{"line":25,"type":"binary-expr","locations":[{"start":{"line":25,"column":23},"end":{"line":25,"column":62}},{"start":{"line":26,"column":20},"end":{"line":26,"column":70}},{"start":{"line":27,"column":20},"end":{"line":27,"column":71}},{"start":{"line":28,"column":20},"end":{"line":28,"column":29}}]},"2":{"line":30,"type":"binary-expr","locations":[{"start":{"line":30,"column":23},"end":{"line":30,"column":37}},{"start":{"line":31,"column":20},"end":{"line":31,"column":61}},{"start":{"line":32,"column":20},"end":{"line":32,"column":70}},{"start":{"line":33,"column":20},"end":{"line":33,"column":26}}]},"3":{"line":37,"type":"cond-expr","locations":[{"start":{"line":38,"column":14},"end":{"line":38,"column":20}},{"start":{"line":39,"column":14},"end":{"line":39,"column":20}}]},"4":{"line":41,"type":"binary-expr","locations":[{"start":{"line":41,"column":16},"end":{"line":41,"column":44}},{"start":{"line":41,"column":48},"end":{"line":41,"column":53}}]},"5":{"line":45,"type":"if","locations":[{"start":{"line":45,"column":8},"end":{"line":45,"column":8}},{"start":{"line":45,"column":8},"end":{"line":45,"column":8}}]}},"code":["/* istanbul instrument in package npmtest_countdown */","/*jslint","    bitwise: true,","    browser: true,","    maxerr: 8,","    maxlen: 96,","    node: true,","    nomen: true,","    regexp: true,","    stupid: true","*/","(function () {","    'use strict';","    var local;","","","","    // run shared js-env code - pre-init","    (function () {","        // init local","        local = {};","        // init modeJs","        local.modeJs = (function () {","            try {","                return typeof navigator.userAgent === 'string' &&","                    typeof document.querySelector('body') === 'object' &&","                    typeof XMLHttpRequest.prototype.open === 'function' &&","                    'browser';","            } catch (errorCaughtBrowser) {","                return module.exports &&","                    typeof process.versions.node === 'string' &&","                    typeof require('http').createServer === 'function' &&","                    'node';","            }","        }());","        // init global","        local.global = local.modeJs === 'browser'","            ? window","            : global;","        // init utility2_rollup","        local = local.global.utility2_rollup || local;","        // init lib","        local.local = local.npmtest_countdown = local;","        // init exports","        if (local.modeJs === 'browser') {","            local.global.utility2_npmtest_countdown = local;","        } else {","            module.exports = local;","            module.exports.__dirname = __dirname;","            module.exports.module = module;","        }","    }());","}());",""],"l":{"12":2,"14":2,"19":2,"21":2,"23":2,"24":2,"25":2,"30":1,"37":2,"41":2,"43":2,"45":2,"46":1,"48":1,"49":1,"50":1}},"/home/travis/build/npmtest/node-npmtest-countdown/example.js":{"path":"/home/travis/build/npmtest/node-npmtest-countdown/example.js","s":{"1":2,"2":2,"3":2,"4":2,"5":2,"6":2,"7":2,"8":1,"9":2,"10":2,"11":2,"12":2,"13":1,"14":2,"15":2,"16":2,"17":2,"18":2,"19":0,"20":2,"21":1,"22":1,"23":1,"24":1,"25":1,"26":0,"27":0,"28":1,"29":1,"30":2,"31":0,"32":0,"33":0,"34":1,"35":2,"36":2,"37":3,"38":3,"39":3,"40":3,"41":0,"42":3,"43":3,"44":3,"45":1,"46":3,"47":1,"48":1,"49":1,"50":1,"51":1,"52":1,"53":1,"54":1,"55":1,"56":1,"57":0,"58":1,"59":6,"60":6,"61":1,"62":2,"63":0,"64":2,"65":1,"66":1,"67":0,"68":0,"69":0,"70":0,"71":0,"72":0,"73":0,"74":0,"75":0,"76":0,"77":0,"78":0,"79":0,"80":0,"81":0,"82":0,"83":0},"b":{"1":[2,1,1,1],"2":[1,1,1,1],"3":[1,1],"4":[2,2],"5":[1,1],"6":[1,1],"7":[2,0],"8":[2,1,1,1,1,1],"9":[0,2,0],"10":[1,1],"11":[2,1,1],"12":[1,0],"13":[0,2],"14":[2,0,0,0,0,0,0],"15":[0,3],"16":[3,0],"17":[1,1],"18":[0,1],"19":[1,2,0,2],"20":[1,0],"21":[1,1],"22":[0,0],"23":[0,0],"24":[0,0],"25":[0,0],"26":[0,0],"27":[0,0],"28":[0,0]},"f":{"1":2,"2":2,"3":2,"4":2,"5":2,"6":2,"7":3,"8":3,"9":3,"10":1,"11":6,"12":0},"fnMap":{"1":{"name":"(anonymous_1)","line":26,"loc":{"start":{"line":26,"column":1},"end":{"line":26,"column":13}}},"2":{"name":"(anonymous_2)","line":33,"loc":{"start":{"line":33,"column":5},"end":{"line":33,"column":17}}},"3":{"name":"(anonymous_3)","line":37,"loc":{"start":{"line":37,"column":24},"end":{"line":37,"column":36}}},"4":{"name":"(anonymous_4)","line":69,"loc":{"start":{"line":69,"column":31},"end":{"line":69,"column":48}},"skip":true},"5":{"name":"(anonymous_5)","line":78,"loc":{"start":{"line":78,"column":26},"end":{"line":78,"column":45}},"skip":true},"6":{"name":"(anonymous_6)","line":123,"loc":{"start":{"line":123,"column":33},"end":{"line":123,"column":48}},"skip":true},"7":{"name":"(anonymous_7)","line":125,"loc":{"start":{"line":125,"column":27},"end":{"line":125,"column":39}},"skip":true},"8":{"name":"(anonymous_8)","line":133,"loc":{"start":{"line":133,"column":59},"end":{"line":133,"column":74}},"skip":true},"9":{"name":"(anonymous_9)","line":143,"loc":{"start":{"line":143,"column":45},"end":{"line":143,"column":62}},"skip":true},"10":{"name":"(anonymous_10)","line":144,"loc":{"start":{"line":144,"column":73},"end":{"line":144,"column":92}},"skip":true},"11":{"name":"(anonymous_11)","line":272,"loc":{"start":{"line":272,"column":51},"end":{"line":272,"column":77}},"skip":true},"12":{"name":"(anonymous_12)","line":315,"loc":{"start":{"line":315,"column":32},"end":{"line":315,"column":61}},"skip":true}},"statementMap":{"1":{"start":{"line":26,"column":0},"end":{"line":326,"column":5}},"2":{"start":{"line":28,"column":4},"end":{"line":28,"column":14}},"3":{"start":{"line":33,"column":4},"end":{"line":60,"column":9}},"4":{"start":{"line":35,"column":8},"end":{"line":35,"column":19}},"5":{"start":{"line":37,"column":8},"end":{"line":49,"column":13}},"6":{"start":{"line":38,"column":12},"end":{"line":48,"column":13}},"7":{"start":{"line":39,"column":16},"end":{"line":42,"column":30}},"8":{"start":{"line":44,"column":16},"end":{"line":47,"column":27}},"9":{"start":{"line":51,"column":8},"end":{"line":53,"column":21}},"10":{"start":{"line":55,"column":8},"end":{"line":57,"column":45}},"11":{"start":{"line":59,"column":8},"end":{"line":59,"column":35}},"12":{"start":{"line":61,"column":4},"end":{"line":325,"column":5}},"13":{"start":{"line":69,"column":8},"end":{"line":121,"column":10},"skip":true},"14":{"start":{"line":70,"column":12},"end":{"line":88,"column":13},"skip":true},"15":{"start":{"line":76,"column":16},"end":{"line":87,"column":19},"skip":true},"16":{"start":{"line":79,"column":20},"end":{"line":86,"column":21},"skip":true},"17":{"start":{"line":82,"column":24},"end":{"line":82,"column":43},"skip":true},"18":{"start":{"line":83,"column":24},"end":{"line":83,"column":30},"skip":true},"19":{"start":{"line":85,"column":24},"end":{"line":85,"column":49},"skip":true},"20":{"start":{"line":89,"column":12},"end":{"line":107,"column":13},"skip":true},"21":{"start":{"line":92,"column":16},"end":{"line":102,"column":17},"skip":true},"22":{"start":{"line":93,"column":20},"end":{"line":93,"column":86},"skip":true},"23":{"start":{"line":94,"column":20},"end":{"line":95,"column":45},"skip":true},"24":{"start":{"line":96,"column":20},"end":{"line":96,"column":42},"skip":true},"25":{"start":{"line":97,"column":20},"end":{"line":97,"column":48},"skip":true},"26":{"start":{"line":100,"column":20},"end":{"line":100,"column":85},"skip":true},"27":{"start":{"line":101,"column":20},"end":{"line":101,"column":96},"skip":true},"28":{"start":{"line":103,"column":16},"end":{"line":103,"column":22},"skip":true},"29":{"start":{"line":106,"column":16},"end":{"line":106,"column":22},"skip":true},"30":{"start":{"line":108,"column":12},"end":{"line":120,"column":13},"skip":true},"31":{"start":{"line":114,"column":16},"end":{"line":119,"column":17},"skip":true},"32":{"start":{"line":116,"column":20},"end":{"line":116,"column":78},"skip":true},"33":{"start":{"line":118,"column":20},"end":{"line":118,"column":47},"skip":true},"34":{"start":{"line":123,"column":8},"end":{"line":141,"column":11},"skip":true},"35":{"start":{"line":124,"column":12},"end":{"line":124,"column":54},"skip":true},"36":{"start":{"line":125,"column":12},"end":{"line":140,"column":14},"skip":true},"37":{"start":{"line":126,"column":16},"end":{"line":126,"column":28},"skip":true},"38":{"start":{"line":127,"column":16},"end":{"line":127,"column":69},"skip":true},"39":{"start":{"line":128,"column":16},"end":{"line":128,"column":75},"skip":true},"40":{"start":{"line":129,"column":16},"end":{"line":131,"column":17},"skip":true},"41":{"start":{"line":130,"column":20},"end":{"line":130,"column":27},"skip":true},"42":{"start":{"line":133,"column":16},"end":{"line":137,"column":36},"skip":true},"43":{"start":{"line":134,"column":20},"end":{"line":136,"column":55},"skip":true},"44":{"start":{"line":139,"column":16},"end":{"line":139,"column":57},"skip":true},"45":{"start":{"line":143,"column":8},"end":{"line":147,"column":11},"skip":true},"46":{"start":{"line":144,"column":12},"end":{"line":146,"column":15},"skip":true},"47":{"start":{"line":145,"column":16},"end":{"line":145,"column":70},"skip":true},"48":{"start":{"line":149,"column":8},"end":{"line":149,"column":31},"skip":true},"49":{"start":{"line":150,"column":8},"end":{"line":150,"column":14},"skip":true},"50":{"start":{"line":158,"column":8},"end":{"line":158,"column":31},"skip":true},"51":{"start":{"line":160,"column":8},"end":{"line":160,"column":33},"skip":true},"52":{"start":{"line":161,"column":8},"end":{"line":161,"column":37},"skip":true},"53":{"start":{"line":162,"column":8},"end":{"line":162,"column":35},"skip":true},"54":{"start":{"line":164,"column":8},"end":{"line":164,"column":50},"skip":true},"55":{"start":{"line":166,"column":8},"end":{"line":256,"column":2},"skip":true},"56":{"start":{"line":258,"column":8},"end":{"line":286,"column":9},"skip":true},"57":{"start":{"line":259,"column":12},"end":{"line":269,"column":14},"skip":true},"58":{"start":{"line":271,"column":12},"end":{"line":285,"column":19},"skip":true},"59":{"start":{"line":274,"column":20},"end":{"line":274,"column":35},"skip":true},"60":{"start":{"line":275,"column":20},"end":{"line":284,"column":21},"skip":true},"61":{"start":{"line":277,"column":24},"end":{"line":277,"column":64},"skip":true},"62":{"start":{"line":279,"column":24},"end":{"line":279,"column":40},"skip":true},"63":{"start":{"line":281,"column":24},"end":{"line":281,"column":40},"skip":true},"64":{"start":{"line":283,"column":24},"end":{"line":283,"column":39},"skip":true},"65":{"start":{"line":288,"column":8},"end":{"line":290,"column":9},"skip":true},"66":{"start":{"line":289,"column":12},"end":{"line":289,"column":18},"skip":true},"67":{"start":{"line":291,"column":8},"end":{"line":293,"column":54},"skip":true},"68":{"start":{"line":296,"column":8},"end":{"line":301,"column":37},"skip":true},"69":{"start":{"line":303,"column":8},"end":{"line":303,"column":82},"skip":true},"70":{"start":{"line":306,"column":8},"end":{"line":308,"column":9},"skip":true},"71":{"start":{"line":307,"column":12},"end":{"line":307,"column":82},"skip":true},"72":{"start":{"line":310,"column":8},"end":{"line":312,"column":9},"skip":true},"73":{"start":{"line":311,"column":12},"end":{"line":311,"column":18},"skip":true},"74":{"start":{"line":313,"column":8},"end":{"line":313,"column":54},"skip":true},"75":{"start":{"line":314,"column":8},"end":{"line":314,"column":69},"skip":true},"76":{"start":{"line":315,"column":8},"end":{"line":323,"column":36},"skip":true},"77":{"start":{"line":316,"column":12},"end":{"line":316,"column":61},"skip":true},"78":{"start":{"line":317,"column":12},"end":{"line":320,"column":13},"skip":true},"79":{"start":{"line":318,"column":16},"end":{"line":318,"column":75},"skip":true},"80":{"start":{"line":319,"column":16},"end":{"line":319,"column":23},"skip":true},"81":{"start":{"line":321,"column":12},"end":{"line":321,"column":38},"skip":true},"82":{"start":{"line":322,"column":12},"end":{"line":322,"column":27},"skip":true},"83":{"start":{"line":324,"column":8},"end":{"line":324,"column":14},"skip":true}},"branchMap":{"1":{"line":39,"type":"binary-expr","locations":[{"start":{"line":39,"column":23},"end":{"line":39,"column":62}},{"start":{"line":40,"column":20},"end":{"line":40,"column":70}},{"start":{"line":41,"column":20},"end":{"line":41,"column":71}},{"start":{"line":42,"column":20},"end":{"line":42,"column":29}}]},"2":{"line":44,"type":"binary-expr","locations":[{"start":{"line":44,"column":23},"end":{"line":44,"column":37}},{"start":{"line":45,"column":20},"end":{"line":45,"column":61}},{"start":{"line":46,"column":20},"end":{"line":46,"column":70}},{"start":{"line":47,"column":20},"end":{"line":47,"column":26}}]},"3":{"line":51,"type":"cond-expr","locations":[{"start":{"line":52,"column":14},"end":{"line":52,"column":20}},{"start":{"line":53,"column":14},"end":{"line":53,"column":20}}]},"4":{"line":55,"type":"binary-expr","locations":[{"start":{"line":55,"column":16},"end":{"line":55,"column":44}},{"start":{"line":55,"column":49},"end":{"line":57,"column":43}}]},"5":{"line":55,"type":"cond-expr","locations":[{"start":{"line":56,"column":14},"end":{"line":56,"column":53}},{"start":{"line":57,"column":14},"end":{"line":57,"column":43}}]},"6":{"line":61,"type":"switch","locations":[{"start":{"line":68,"column":4},"end":{"line":150,"column":14},"skip":true},{"start":{"line":156,"column":4},"end":{"line":324,"column":14},"skip":true}]},"7":{"line":70,"type":"if","locations":[{"start":{"line":70,"column":12},"end":{"line":70,"column":12},"skip":true},{"start":{"line":70,"column":12},"end":{"line":70,"column":12},"skip":true}]},"8":{"line":70,"type":"binary-expr","locations":[{"start":{"line":70,"column":16},"end":{"line":70,"column":22},"skip":true},{"start":{"line":70,"column":27},"end":{"line":70,"column":32},"skip":true},{"start":{"line":71,"column":20},"end":{"line":71,"column":39},"skip":true},{"start":{"line":72,"column":20},"end":{"line":72,"column":49},"skip":true},{"start":{"line":73,"column":20},"end":{"line":73,"column":58},"skip":true},{"start":{"line":74,"column":20},"end":{"line":74,"column":69},"skip":true}]},"9":{"line":79,"type":"switch","locations":[{"start":{"line":80,"column":20},"end":{"line":80,"column":33},"skip":true},{"start":{"line":81,"column":20},"end":{"line":83,"column":30},"skip":true},{"start":{"line":84,"column":20},"end":{"line":85,"column":49},"skip":true}]},"10":{"line":89,"type":"switch","locations":[{"start":{"line":90,"column":12},"end":{"line":103,"column":22},"skip":true},{"start":{"line":105,"column":12},"end":{"line":106,"column":22},"skip":true}]},"11":{"line":89,"type":"binary-expr","locations":[{"start":{"line":89,"column":20},"end":{"line":89,"column":25},"skip":true},{"start":{"line":89,"column":29},"end":{"line":89,"column":48},"skip":true},{"start":{"line":89,"column":52},"end":{"line":89,"column":74},"skip":true}]},"12":{"line":92,"type":"if","locations":[{"start":{"line":92,"column":16},"end":{"line":92,"column":16},"skip":true},{"start":{"line":92,"column":16},"end":{"line":92,"column":16},"skip":true}]},"13":{"line":108,"type":"if","locations":[{"start":{"line":108,"column":12},"end":{"line":108,"column":12},"skip":true},{"start":{"line":108,"column":12},"end":{"line":108,"column":12},"skip":true}]},"14":{"line":108,"type":"binary-expr","locations":[{"start":{"line":108,"column":16},"end":{"line":108,"column":61},"skip":true},{"start":{"line":108,"column":66},"end":{"line":108,"column":72},"skip":true},{"start":{"line":108,"column":77},"end":{"line":108,"column":82},"skip":true},{"start":{"line":109,"column":20},"end":{"line":109,"column":39},"skip":true},{"start":{"line":110,"column":20},"end":{"line":110,"column":49},"skip":true},{"start":{"line":111,"column":20},"end":{"line":111,"column":58},"skip":true},{"start":{"line":112,"column":20},"end":{"line":112,"column":68},"skip":true}]},"15":{"line":129,"type":"if","locations":[{"start":{"line":129,"column":16},"end":{"line":129,"column":16},"skip":true},{"start":{"line":129,"column":16},"end":{"line":129,"column":16},"skip":true}]},"16":{"line":134,"type":"cond-expr","locations":[{"start":{"line":135,"column":26},"end":{"line":135,"column":29},"skip":true},{"start":{"line":136,"column":26},"end":{"line":136,"column":54},"skip":true}]},"17":{"line":164,"type":"binary-expr","locations":[{"start":{"line":164,"column":27},"end":{"line":164,"column":43},"skip":true},{"start":{"line":164,"column":47},"end":{"line":164,"column":49},"skip":true}]},"18":{"line":258,"type":"if","locations":[{"start":{"line":258,"column":8},"end":{"line":258,"column":8},"skip":true},{"start":{"line":258,"column":8},"end":{"line":258,"column":8},"skip":true}]},"19":{"line":275,"type":"switch","locations":[{"start":{"line":276,"column":20},"end":{"line":277,"column":64},"skip":true},{"start":{"line":278,"column":20},"end":{"line":279,"column":40},"skip":true},{"start":{"line":280,"column":20},"end":{"line":281,"column":40},"skip":true},{"start":{"line":282,"column":20},"end":{"line":283,"column":39},"skip":true}]},"20":{"line":288,"type":"if","locations":[{"start":{"line":288,"column":8},"end":{"line":288,"column":8},"skip":true},{"start":{"line":288,"column":8},"end":{"line":288,"column":8},"skip":true}]},"21":{"line":288,"type":"binary-expr","locations":[{"start":{"line":288,"column":12},"end":{"line":288,"column":40},"skip":true},{"start":{"line":288,"column":44},"end":{"line":288,"column":67},"skip":true}]},"22":{"line":292,"type":"binary-expr","locations":[{"start":{"line":292,"column":12},"end":{"line":292,"column":50},"skip":true},{"start":{"line":293,"column":12},"end":{"line":293,"column":53},"skip":true}]},"23":{"line":297,"type":"binary-expr","locations":[{"start":{"line":297,"column":12},"end":{"line":297,"column":67},"skip":true},{"start":{"line":298,"column":12},"end":{"line":301,"column":36},"skip":true}]},"24":{"line":303,"type":"binary-expr","locations":[{"start":{"line":303,"column":43},"end":{"line":303,"column":75},"skip":true},{"start":{"line":303,"column":79},"end":{"line":303,"column":81},"skip":true}]},"25":{"line":306,"type":"if","locations":[{"start":{"line":306,"column":8},"end":{"line":306,"column":8},"skip":true},{"start":{"line":306,"column":8},"end":{"line":306,"column":8},"skip":true}]},"26":{"line":310,"type":"if","locations":[{"start":{"line":310,"column":8},"end":{"line":310,"column":8},"skip":true},{"start":{"line":310,"column":8},"end":{"line":310,"column":8},"skip":true}]},"27":{"line":313,"type":"binary-expr","locations":[{"start":{"line":313,"column":27},"end":{"line":313,"column":43},"skip":true},{"start":{"line":313,"column":47},"end":{"line":313,"column":53},"skip":true}]},"28":{"line":317,"type":"if","locations":[{"start":{"line":317,"column":12},"end":{"line":317,"column":12},"skip":true},{"start":{"line":317,"column":12},"end":{"line":317,"column":12},"skip":true}]}},"code":["/*","example.js","","quickstart example","","instruction","    1. save this script as example.js","    2. run the shell command:","        $ npm install npmtest-countdown && PORT=8081 node example.js","    3. play with the browser-demo on http://127.0.0.1:8081","*/","","","","/* istanbul instrument in package npmtest_countdown */","/*jslint","    bitwise: true,","    browser: true,","    maxerr: 8,","    maxlen: 96,","    node: true,","    nomen: true,","    regexp: true,","    stupid: true","*/","(function () {","    'use strict';","    var local;","","","","    // run shared js-env code - pre-init","    (function () {","        // init local","        local = {};","        // init modeJs","        local.modeJs = (function () {","            try {","                return typeof navigator.userAgent === 'string' &&","                    typeof document.querySelector('body') === 'object' &&","                    typeof XMLHttpRequest.prototype.open === 'function' &&","                    'browser';","            } catch (errorCaughtBrowser) {","                return module.exports &&","                    typeof process.versions.node === 'string' &&","                    typeof require('http').createServer === 'function' &&","                    'node';","            }","        }());","        // init global","        local.global = local.modeJs === 'browser'","            ? window","            : global;","        // init utility2_rollup","        local = local.global.utility2_rollup || (local.modeJs === 'browser'","            ? local.global.utility2_npmtest_countdown","            : global.utility2_moduleExports);","        // export local","        local.global.local = local;","    }());","    switch (local.modeJs) {","","","","    // post-init","    // run browser js-env code - post-init","    /* istanbul ignore next */","    case 'browser':","        local.testRunBrowser = function (event) {","            if (!event || (event &&","                    event.currentTarget &&","                    event.currentTarget.className &&","                    event.currentTarget.className.includes &&","                    event.currentTarget.className.includes('onreset'))) {","                // reset output","                Array.from(","                    document.querySelectorAll('body > .resettable')","                ).forEach(function (element) {","                    switch (element.tagName) {","                    case 'INPUT':","                    case 'TEXTAREA':","                        element.value = '';","                        break;","                    default:","                        element.textContent = '';","                    }","                });","            }","            switch (event && event.currentTarget && event.currentTarget.id) {","            case 'testRunButton1':","                // show tests","                if (document.querySelector('#testReportDiv1').style.display === 'none') {","                    document.querySelector('#testReportDiv1').style.display = 'block';","                    document.querySelector('#testRunButton1').textContent =","                        'hide internal test';","                    local.modeTest = true;","                    local.testRunDefault(local);","                // hide tests","                } else {","                    document.querySelector('#testReportDiv1').style.display = 'none';","                    document.querySelector('#testRunButton1').textContent = 'run internal test';","                }","                break;","            // custom-case","            default:","                break;","            }","            if (document.querySelector('#inputTextareaEval1') && (!event || (event &&","                    event.currentTarget &&","                    event.currentTarget.className &&","                    event.currentTarget.className.includes &&","                    event.currentTarget.className.includes('oneval')))) {","                // try to eval input-code","                try {","                    /*jslint evil: true*/","                    eval(document.querySelector('#inputTextareaEval1').value);","                } catch (errorCaught) {","                    console.error(errorCaught);","                }","            }","        };","        // log stderr and stdout to #outputTextareaStdout1","        ['error', 'log'].forEach(function (key) {","            console[key + '_original'] = console[key];","            console[key] = function () {","                var element;","                console[key + '_original'].apply(console, arguments);","                element = document.querySelector('#outputTextareaStdout1');","                if (!element) {","                    return;","                }","                // append text to #outputTextareaStdout1","                element.value += Array.from(arguments).map(function (arg) {","                    return typeof arg === 'string'","                        ? arg","                        : JSON.stringify(arg, null, 4);","                }).join(' ') + '\\n';","                // scroll textarea to bottom","                element.scrollTop = element.scrollHeight;","            };","        });","        // init event-handling","        ['change', 'click', 'keyup'].forEach(function (event) {","            Array.from(document.querySelectorAll('.on' + event)).forEach(function (element) {","                element.addEventListener(event, local.testRunBrowser);","            });","        });","        // run tests","        local.testRunBrowser();","        break;","","","","    // run node js-env code - post-init","    /* istanbul ignore next */","    case 'node':","        // export local","        module.exports = local;","        // require modules","        local.fs = require('fs');","        local.http = require('http');","        local.url = require('url');","        // init assets","        local.assetsDict = local.assetsDict || {};","        /* jslint-ignore-begin */","        local.assetsDict['/assets.index.template.html'] = '\\","<!doctype html>\\n\\","<html lang=\"en\">\\n\\","<head>\\n\\","<meta charset=\"UTF-8\">\\n\\","<meta name=\"viewport\" content=\"width=device-width, initial-scale=1\">\\n\\","<title>{{env.npm_package_name}} (v{{env.npm_package_version}})</title>\\n\\","<style>\\n\\","/*csslint\\n\\","    box-sizing: false,\\n\\","    universal-selector: false\\n\\","*/\\n\\","* {\\n\\","    box-sizing: border-box;\\n\\","}\\n\\","body {\\n\\","    background: #dde;\\n\\","    font-family: Arial, Helvetica, sans-serif;\\n\\","    margin: 2rem;\\n\\","}\\n\\","body > * {\\n\\","    margin-bottom: 1rem;\\n\\","}\\n\\",".utility2FooterDiv {\\n\\","    margin-top: 20px;\\n\\","    text-align: center;\\n\\","}\\n\\","</style>\\n\\","<style>\\n\\","/*csslint\\n\\","*/\\n\\","textarea {\\n\\","    font-family: monospace;\\n\\","    height: 10rem;\\n\\","    width: 100%;\\n\\","}\\n\\","textarea[readonly] {\\n\\","    background: #ddd;\\n\\","}\\n\\","</style>\\n\\","</head>\\n\\","<body>\\n\\","<!-- utility2-comment\\n\\","<div id=\"ajaxProgressDiv1\" style=\"background: #d00; height: 2px; left: 0; margin: 0; padding: 0; position: fixed; top: 0; transition: background 0.5s, width 1.5s; width: 25%;\"></div>\\n\\","utility2-comment -->\\n\\","<h1>\\n\\","<!-- utility2-comment\\n\\","    <a\\n\\","        {{#if env.npm_package_homepage}}\\n\\","        href=\"{{env.npm_package_homepage}}\"\\n\\","        {{/if env.npm_package_homepage}}\\n\\","        target=\"_blank\"\\n\\","    >\\n\\","utility2-comment -->\\n\\","        {{env.npm_package_name}} (v{{env.npm_package_version}})\\n\\","<!-- utility2-comment\\n\\","    </a>\\n\\","utility2-comment -->\\n\\","</h1>\\n\\","<h3>{{env.npm_package_description}}</h3>\\n\\","<!-- utility2-comment\\n\\","<h4><a download href=\"assets.app.js\">download standalone app</a></h4>\\n\\","<button class=\"onclick onreset\" id=\"testRunButton1\">run internal test</button><br>\\n\\","<div id=\"testReportDiv1\" style=\"display: none;\"></div>\\n\\","utility2-comment -->\\n\\","\\n\\","\\n\\","\\n\\","<label>stderr and stdout</label>\\n\\","<textarea class=\"resettable\" id=\"outputTextareaStdout1\" readonly></textarea>\\n\\","<!-- utility2-comment\\n\\","{{#if isRollup}}\\n\\","<script src=\"assets.app.js\"></script>\\n\\","{{#unless isRollup}}\\n\\","utility2-comment -->\\n\\","<script src=\"assets.utility2.rollup.js\"></script>\\n\\","<script src=\"jsonp.utility2._stateInit?callback=window.utility2._stateInit\"></script>\\n\\","<script src=\"assets.npmtest_countdown.rollup.js\"></script>\\n\\","<script src=\"assets.example.js\"></script>\\n\\","<script src=\"assets.test.js\"></script>\\n\\","<!-- utility2-comment\\n\\","{{/if isRollup}}\\n\\","utility2-comment -->\\n\\","<div class=\"utility2FooterDiv\">\\n\\","    [ this app was created with\\n\\","    <a href=\"https://github.com/kaizhu256/node-utility2\" target=\"_blank\">utility2</a>\\n\\","    ]\\n\\","</div>\\n\\","</body>\\n\\","</html>\\n\\","';","        /* jslint-ignore-end */","        if (local.templateRender) {","            local.assetsDict['/'] = local.templateRender(","                local.assetsDict['/assets.index.template.html'],","                {","                    env: local.objectSetDefault(local.env, {","                        npm_package_description: 'the greatest app in the world!',","                        npm_package_name: 'my-app',","                        npm_package_nameAlias: 'my_app',","                        npm_package_version: '0.0.1'","                    })","                }","            );","        } else {","            local.assetsDict['/'] = local.assetsDict['/assets.index.template.html']","                .replace((/\\{\\{env\\.(\\w+?)\\}\\}/g), function (match0, match1) {","                    // jslint-hack","                    String(match0);","                    switch (match1) {","                    case 'npm_package_description':","                        return 'the greatest app in the world!';","                    case 'npm_package_name':","                        return 'my-app';","                    case 'npm_package_nameAlias':","                        return 'my_app';","                    case 'npm_package_version':","                        return '0.0.1';","                    }","                });","        }","        // run the cli","        if (local.global.utility2_rollup || module !== require.main) {","            break;","        }","        local.assetsDict['/assets.example.js'] =","            local.assetsDict['/assets.example.js'] ||","            local.fs.readFileSync(__filename, 'utf8');","        // bug-workaround - long $npm_package_buildCustomOrg","        /* jslint-ignore-begin */","        local.assetsDict['/assets.npmtest_countdown.rollup.js'] =","            local.assetsDict['/assets.npmtest_countdown.rollup.js'] ||","            local.fs.readFileSync(","                local.npmtest_countdown.__dirname + '/lib.npmtest_countdown.js',","                'utf8'","            ).replace((/^#!/), '//');","        /* jslint-ignore-end */","        local.assetsDict['/favicon.ico'] = local.assetsDict['/favicon.ico'] || '';","        // if $npm_config_timeout_exit exists,","        // then exit this process after $npm_config_timeout_exit ms","        if (Number(process.env.npm_config_timeout_exit)) {","            setTimeout(process.exit, Number(process.env.npm_config_timeout_exit));","        }","        // start server","        if (local.global.utility2_serverHttp1) {","            break;","        }","        process.env.PORT = process.env.PORT || '8081';","        console.error('server starting on port ' + process.env.PORT);","        local.http.createServer(function (request, response) {","            request.urlParsed = local.url.parse(request.url);","            if (local.assetsDict[request.urlParsed.pathname] !== undefined) {","                response.end(local.assetsDict[request.urlParsed.pathname]);","                return;","            }","            response.statusCode = 404;","            response.end();","        }).listen(process.env.PORT);","        break;","    }","}());",""],"l":{"26":2,"28":2,"33":2,"35":2,"37":2,"38":2,"39":2,"44":1,"51":2,"55":2,"59":2,"61":2,"69":1,"70":2,"76":2,"79":2,"82":2,"83":2,"85":1,"89":2,"92":1,"93":1,"94":1,"96":1,"97":1,"100":1,"101":1,"103":1,"106":1,"108":2,"114":1,"116":1,"118":1,"123":1,"124":2,"125":2,"126":3,"127":3,"128":3,"129":3,"130":1,"133":3,"134":3,"139":3,"143":1,"144":3,"145":1,"149":1,"150":1,"158":1,"160":1,"161":1,"162":1,"164":1,"166":1,"258":1,"259":1,"271":1,"274":6,"275":6,"277":1,"279":2,"281":1,"283":2,"288":1,"289":1,"291":1,"296":1,"303":1,"306":1,"307":1,"310":1,"311":1,"313":1,"314":1,"315":1,"316":1,"317":1,"318":1,"319":1,"321":1,"322":1,"324":1}},"/home/travis/build/npmtest/node-npmtest-countdown/node_modules/countdown/countdown.js":{"path":"/home/travis/build/npmtest/node-npmtest-countdown/node_modules/countdown/countdown.js","s":{"1":1,"2":1,"3":1,"4":1,"5":1,"6":1,"7":1,"8":1,"9":1,"10":1,"11":1,"12":1,"13":1,"14":1,"15":1,"16":1,"17":1,"18":1,"19":1,"20":1,"21":1,"22":1,"23":1,"24":1,"25":1,"26":1,"27":1,"28":0,"29":0,"30":0,"31":1,"32":0,"33":0,"34":0,"35":0,"36":1,"37":0,"38":0,"39":0,"40":0,"41":1,"42":0,"43":0,"44":0,"45":0,"46":0,"47":0,"48":0,"49":0,"50":0,"51":0,"52":0,"53":0,"54":0,"55":0,"56":0,"57":0,"58":0,"59":0,"60":0,"61":0,"62":0,"63":0,"64":0,"65":0,"66":0,"67":0,"68":0,"69":0,"70":0,"71":0,"72":0,"73":0,"74":0,"75":0,"76":0,"77":0,"78":0,"79":0,"80":0,"81":0,"82":0,"83":1,"84":1,"85":1,"86":1,"87":1,"88":1,"89":1,"90":1,"91":1,"92":1,"93":1,"94":1,"95":1,"96":1,"97":1,"98":1,"99":1,"100":1,"101":1,"102":0,"103":1,"104":1,"105":1,"106":0,"107":0,"108":0,"109":0,"110":0,"111":0,"112":0,"113":0,"114":1,"115":0,"116":0,"117":0,"118":0,"119":0,"120":0,"121":0,"122":0,"123":0,"124":0,"125":0,"126":0,"127":1,"128":0,"129":1,"130":0,"131":0,"132":0,"133":0,"134":0,"135":0,"136":0,"137":0,"138":0,"139":0,"140":0,"141":0,"142":0,"143":0,"144":0,"145":0,"146":0,"147":0,"148":0,"149":0,"150":0,"151":0,"152":0,"153":0,"154":0,"155":0,"156":0,"157":0,"158":0,"159":0,"160":0,"161":0,"162":0,"163":0,"164":0,"165":1,"166":0,"167":0,"168":0,"169":0,"170":0,"171":0,"172":0,"173":0,"174":0,"175":0,"176":0,"177":0,"178":0,"179":0,"180":0,"181":0,"182":0,"183":0,"184":0,"185":0,"186":0,"187":0,"188":0,"189":0,"190":0,"191":0,"192":0,"193":0,"194":0,"195":0,"196":0,"197":0,"198":0,"199":0,"200":0,"201":0,"202":0,"203":1,"204":0,"205":0,"206":0,"207":0,"208":0,"209":0,"210":0,"211":0,"212":0,"213":0,"214":0,"215":1,"216":0,"217":0,"218":0,"219":0,"220":0,"221":0,"222":0,"223":0,"224":0,"225":0,"226":0,"227":0,"228":0,"229":0,"230":0,"231":0,"232":0,"233":0,"234":0,"235":0,"236":0,"237":0,"238":0,"239":0,"240":0,"241":0,"242":0,"243":0,"244":0,"245":0,"246":1,"247":0,"248":0,"249":0,"250":0,"251":0,"252":0,"253":0,"254":0,"255":0,"256":0,"257":0,"258":0,"259":0,"260":0,"261":0,"262":0,"263":0,"264":0,"265":0,"266":0,"267":0,"268":0,"269":0,"270":0,"271":0,"272":0,"273":0,"274":0,"275":0,"276":0,"277":0,"278":0,"279":0,"280":0,"281":0,"282":0,"283":0,"284":0,"285":0,"286":0,"287":0,"288":0,"289":0,"290":0,"291":0,"292":0,"293":0,"294":0,"295":0,"296":0,"297":0,"298":1,"299":0,"300":0,"301":0,"302":0,"303":0,"304":0,"305":0,"306":0,"307":0,"308":0,"309":0,"310":0,"311":0,"312":0,"313":0,"314":0,"315":0,"316":0,"317":0,"318":0,"319":0,"320":0,"321":0,"322":0,"323":0,"324":0,"325":0,"326":0,"327":0,"328":0,"329":0,"330":0,"331":0,"332":0,"333":0,"334":0,"335":0,"336":0,"337":0,"338":0,"339":0,"340":0,"341":0,"342":0,"343":0,"344":0,"345":0,"346":0,"347":0,"348":0,"349":0,"350":0,"351":0,"352":0,"353":0,"354":0,"355":0,"356":1,"357":0,"358":0,"359":0,"360":0,"361":0,"362":0,"363":0,"364":0,"365":0,"366":0,"367":0,"368":0,"369":0,"370":0,"371":0,"372":0,"373":0,"374":0,"375":0,"376":0,"377":0,"378":0,"379":0,"380":0,"381":0,"382":0,"383":1,"384":0,"385":0,"386":0,"387":0,"388":0,"389":0,"390":0,"391":0,"392":0,"393":0,"394":0,"395":1,"396":0,"397":0,"398":0,"399":0,"400":0,"401":0,"402":0,"403":0,"404":0,"405":0,"406":0,"407":0,"408":0,"409":0,"410":0,"411":0,"412":0,"413":0,"414":0,"415":0,"416":0,"417":0,"418":0,"419":0,"420":0,"421":0,"422":0,"423":0,"424":0,"425":0,"426":0,"427":0,"428":0,"429":0,"430":0,"431":0,"432":1,"433":1,"434":1,"435":1,"436":1,"437":1,"438":1,"439":1,"440":1,"441":1,"442":1,"443":1,"444":1,"445":1,"446":0,"447":0,"448":0,"449":0,"450":0,"451":0,"452":0,"453":0,"454":0,"455":0,"456":0,"457":0,"458":0,"459":0,"460":0,"461":0,"462":0,"463":0,"464":0,"465":0,"466":0,"467":0,"468":1,"469":1,"470":1,"471":1,"472":1,"473":1,"474":1,"475":0,"476":1,"477":1,"478":0,"479":1,"480":1,"481":1,"482":1,"483":0,"484":0,"485":0,"486":1},"b":{"1":[0,0],"2":[0,0,0],"3":[0,0],"4":[0,0],"5":[0,0],"6":[0,0],"7":[0,0],"8":[0,0],"9":[0,0],"10":[0,0],"11":[0,0],"12":[0,0],"13":[0,0],"14":[0,0],"15":[0,0],"16":[0,0],"17":[0,0],"18":[0,0],"19":[0,0],"20":[0,0],"21":[0,0],"22":[0,0],"23":[0,0],"24":[0,0],"25":[0,0],"26":[0,0],"27":[0,0],"28":[0,0],"29":[0,0],"30":[0,0],"31":[0,0],"32":[0,0],"33":[0,0],"34":[0,0],"35":[0,0],"36":[0,0],"37":[0,0],"38":[0,0],"39":[0,0],"40":[0,0],"41":[0,0],"42":[0,0],"43":[0,0],"44":[0,0],"45":[0,0],"46":[0,0],"47":[0,0],"48":[0,0,0,0,0,0,0,0,0],"49":[0,0],"50":[0,0],"51":[0,0],"52":[0,0],"53":[0,0],"54":[0,0],"55":[0,0],"56":[0,0],"57":[0,0],"58":[0,0],"59":[0,0],"60":[0,0],"61":[0,0],"62":[0,0],"63":[0,0],"64":[0,0],"65":[0,0],"66":[0,0],"67":[0,0],"68":[0,0],"69":[0,0],"70":[0,0],"71":[0,0],"72":[0,0],"73":[0,0],"74":[0,0],"75":[0,0],"76":[0,0],"77":[0,0],"78":[0,0],"79":[0,0],"80":[0,0],"81":[0,0],"82":[0,0],"83":[0,0],"84":[0,0],"85":[0,0],"86":[0,0],"87":[0,0],"88":[0,0],"89":[0,0],"90":[0,0],"91":[0,0],"92":[0,0],"93":[0,0],"94":[0,0],"95":[0,0],"96":[0,0],"97":[0,0],"98":[0,0],"99":[0,0],"100":[0,0],"101":[0,0],"102":[0,0],"103":[0,0],"104":[0,0],"105":[0,0],"106":[0,0],"107":[0,0],"108":[0,0],"109":[0,0],"110":[0,0],"111":[0,0],"112":[0,0],"113":[0,0],"114":[0,0],"115":[0,0],"116":[0,0],"117":[0,0],"118":[0,0],"119":[0,0],"120":[0,0],"121":[0,0],"122":[0,0],"123":[0,0],"124":[0,0],"125":[0,0],"126":[0,0],"127":[0,0],"128":[0,0],"129":[0,0],"130":[0,0],"131":[0,0],"132":[0,0],"133":[0,0],"134":[0,0],"135":[0,0],"136":[0,0],"137":[0,0],"138":[0,0],"139":[0,0],"140":[0,0],"141":[0,0],"142":[0,0],"143":[0,0],"144":[0,0],"145":[0,0],"146":[0,0],"147":[0,0],"148":[0,0],"149":[0,0],"150":[0,0],"151":[0,0],"152":[0,0],"153":[0,0],"154":[0,0],"155":[0,0],"156":[0,0],"157":[0,0],"158":[0,0],"159":[0,0],"160":[0,0],"161":[0,0],"162":[0,0],"163":[0,0],"164":[0,0],"165":[0,0],"166":[0,0],"167":[0,0],"168":[0,0],"169":[1,0],"170":[1,1],"171":[0,0],"172":[0,0]},"f":{"1":1,"2":0,"3":0,"4":0,"5":0,"6":0,"7":0,"8":0,"9":0,"10":0,"11":0,"12":0,"13":0,"14":0,"15":0,"16":0,"17":0,"18":0,"19":0,"20":0,"21":0,"22":1,"23":0,"24":0,"25":0},"fnMap":{"1":{"name":"(anonymous_1)","line":28,"loc":{"start":{"line":28,"column":0},"end":{"line":28,"column":17}}},"2":{"name":"borrowMonths","line":207,"loc":{"start":{"line":207,"column":1},"end":{"line":207,"column":35}}},"3":{"name":"daysPerMonth","line":222,"loc":{"start":{"line":222,"column":1},"end":{"line":222,"column":28}}},"4":{"name":"daysPerYear","line":238,"loc":{"start":{"line":238,"column":1},"end":{"line":238,"column":27}}},"5":{"name":"addToDate","line":257,"loc":{"start":{"line":257,"column":1},"end":{"line":257,"column":30}}},"6":{"name":"plurality","line":459,"loc":{"start":{"line":459,"column":1},"end":{"line":459,"column":33}}},"7":{"name":"Timespan","line":479,"loc":{"start":{"line":479,"column":1},"end":{"line":479,"column":21}}},"8":{"name":"(anonymous_8)","line":487,"loc":{"start":{"line":487,"column":31},"end":{"line":487,"column":52}}},"9":{"name":"(anonymous_9)","line":509,"loc":{"start":{"line":509,"column":29},"end":{"line":509,"column":55}}},"10":{"name":"(anonymous_10)","line":536,"loc":{"start":{"line":536,"column":28},"end":{"line":536,"column":43}}},"11":{"name":"(anonymous_11)","line":547,"loc":{"start":{"line":547,"column":14},"end":{"line":547,"column":27}}},"12":{"name":"rippleRounded","line":615,"loc":{"start":{"line":615,"column":1},"end":{"line":615,"column":36}}},"13":{"name":"fraction","line":712,"loc":{"start":{"line":712,"column":1},"end":{"line":712,"column":67}}},"14":{"name":"fractional","line":741,"loc":{"start":{"line":741,"column":1},"end":{"line":741,"column":33}}},"15":{"name":"ripple","line":781,"loc":{"start":{"line":781,"column":1},"end":{"line":781,"column":21}}},"16":{"name":"pruneUnits","line":891,"loc":{"start":{"line":891,"column":1},"end":{"line":891,"column":45}}},"17":{"name":"populate","line":1011,"loc":{"start":{"line":1011,"column":1},"end":{"line":1011,"column":55}}},"18":{"name":"getDelay","line":1059,"loc":{"start":{"line":1059,"column":1},"end":{"line":1059,"column":26}}},"19":{"name":"countdown","line":1100,"loc":{"start":{"line":1100,"column":1},"end":{"line":1100,"column":52}}},"20":{"name":"(anonymous_20)","line":1164,"loc":{"start":{"line":1164,"column":8},"end":{"line":1164,"column":19}}},"21":{"name":"(anonymous_21)","line":1271,"loc":{"start":{"line":1271,"column":39},"end":{"line":1271,"column":56}}},"22":{"name":"(anonymous_22)","line":1312,"loc":{"start":{"line":1312,"column":43},"end":{"line":1312,"column":54}}},"23":{"name":"(anonymous_23)","line":1318,"loc":{"start":{"line":1318,"column":17},"end":{"line":1318,"column":33}}},"24":{"name":"(anonymous_24)","line":1334,"loc":{"start":{"line":1334,"column":23},"end":{"line":1334,"column":95}}},"25":{"name":"(anonymous_25)","line":1359,"loc":{"start":{"line":1359,"column":33},"end":{"line":1359,"column":44}}}},"statementMap":{"1":{"start":{"line":13,"column":0},"end":{"line":13,"column":11}},"2":{"start":{"line":23,"column":0},"end":{"line":1366,"column":11}},"3":{"start":{"line":38,"column":1},"end":{"line":38,"column":26}},"4":{"start":{"line":45,"column":1},"end":{"line":45,"column":23}},"5":{"start":{"line":52,"column":1},"end":{"line":52,"column":23}},"6":{"start":{"line":59,"column":1},"end":{"line":59,"column":21}},"7":{"start":{"line":66,"column":1},"end":{"line":66,"column":20}},"8":{"start":{"line":73,"column":1},"end":{"line":73,"column":21}},"9":{"start":{"line":80,"column":1},"end":{"line":80,"column":22}},"10":{"start":{"line":87,"column":1},"end":{"line":87,"column":21}},"11":{"start":{"line":94,"column":1},"end":{"line":94,"column":23}},"12":{"start":{"line":101,"column":1},"end":{"line":101,"column":24}},"13":{"start":{"line":108,"column":1},"end":{"line":108,"column":24}},"14":{"start":{"line":115,"column":1},"end":{"line":115,"column":57}},"15":{"start":{"line":122,"column":1},"end":{"line":122,"column":36}},"16":{"start":{"line":129,"column":1},"end":{"line":129,"column":29}},"17":{"start":{"line":136,"column":1},"end":{"line":136,"column":27}},"18":{"start":{"line":143,"column":1},"end":{"line":143,"column":24}},"19":{"start":{"line":150,"column":1},"end":{"line":150,"column":108}},"20":{"start":{"line":157,"column":1},"end":{"line":157,"column":23}},"21":{"start":{"line":164,"column":1},"end":{"line":164,"column":26}},"22":{"start":{"line":171,"column":1},"end":{"line":171,"column":27}},"23":{"start":{"line":178,"column":1},"end":{"line":178,"column":30}},"24":{"start":{"line":185,"column":1},"end":{"line":185,"column":35}},"25":{"start":{"line":192,"column":1},"end":{"line":192,"column":22}},"26":{"start":{"line":199,"column":1},"end":{"line":199,"column":24}},"27":{"start":{"line":207,"column":1},"end":{"line":215,"column":2}},"28":{"start":{"line":208,"column":2},"end":{"line":208,"column":31}},"29":{"start":{"line":211,"column":2},"end":{"line":211,"column":41}},"30":{"start":{"line":214,"column":2},"end":{"line":214,"column":73}},"31":{"start":{"line":222,"column":1},"end":{"line":231,"column":2}},"32":{"start":{"line":223,"column":2},"end":{"line":223,"column":24}},"33":{"start":{"line":226,"column":2},"end":{"line":226,"column":22}},"34":{"start":{"line":227,"column":2},"end":{"line":227,"column":35}},"35":{"start":{"line":230,"column":2},"end":{"line":230,"column":64}},"36":{"start":{"line":238,"column":1},"end":{"line":247,"column":2}},"37":{"start":{"line":239,"column":2},"end":{"line":239,"column":24}},"38":{"start":{"line":242,"column":2},"end":{"line":242,"column":22}},"39":{"start":{"line":243,"column":2},"end":{"line":243,"column":41}},"40":{"start":{"line":246,"column":2},"end":{"line":246,"column":64}},"41":{"start":{"line":257,"column":1},"end":{"line":326,"column":2}},"42":{"start":{"line":258,"column":2},"end":{"line":258,"column":102}},"43":{"start":{"line":259,"column":2},"end":{"line":261,"column":3}},"44":{"start":{"line":260,"column":3},"end":{"line":260,"column":15}},"45":{"start":{"line":264,"column":2},"end":{"line":264,"column":29}},"46":{"start":{"line":265,"column":2},"end":{"line":268,"column":3}},"47":{"start":{"line":266,"column":3},"end":{"line":266,"column":40}},"48":{"start":{"line":267,"column":3},"end":{"line":267,"column":15}},"49":{"start":{"line":270,"column":2},"end":{"line":270,"column":32}},"50":{"start":{"line":271,"column":2},"end":{"line":273,"column":3}},"51":{"start":{"line":272,"column":3},"end":{"line":272,"column":56}},"52":{"start":{"line":275,"column":2},"end":{"line":275,"column":27}},"53":{"start":{"line":276,"column":2},"end":{"line":278,"column":3}},"54":{"start":{"line":277,"column":3},"end":{"line":277,"column":46}},"55":{"start":{"line":280,"column":2},"end":{"line":280,"column":27}},"56":{"start":{"line":281,"column":2},"end":{"line":283,"column":3}},"57":{"start":{"line":282,"column":3},"end":{"line":282,"column":46}},"58":{"start":{"line":285,"column":2},"end":{"line":285,"column":25}},"59":{"start":{"line":286,"column":2},"end":{"line":288,"column":3}},"60":{"start":{"line":287,"column":3},"end":{"line":287,"column":42}},"61":{"start":{"line":290,"column":2},"end":{"line":290,"column":25}},"62":{"start":{"line":291,"column":2},"end":{"line":293,"column":3}},"63":{"start":{"line":292,"column":3},"end":{"line":292,"column":26}},"64":{"start":{"line":295,"column":2},"end":{"line":295,"column":25}},"65":{"start":{"line":296,"column":2},"end":{"line":298,"column":3}},"66":{"start":{"line":297,"column":3},"end":{"line":297,"column":40}},"67":{"start":{"line":300,"column":2},"end":{"line":300,"column":26}},"68":{"start":{"line":301,"column":2},"end":{"line":303,"column":3}},"69":{"start":{"line":302,"column":3},"end":{"line":302,"column":42}},"70":{"start":{"line":305,"column":2},"end":{"line":305,"column":29}},"71":{"start":{"line":306,"column":2},"end":{"line":308,"column":3}},"72":{"start":{"line":307,"column":3},"end":{"line":307,"column":37}},"73":{"start":{"line":310,"column":2},"end":{"line":310,"column":30}},"74":{"start":{"line":311,"column":2},"end":{"line":313,"column":3}},"75":{"start":{"line":312,"column":3},"end":{"line":312,"column":32}},"76":{"start":{"line":315,"column":2},"end":{"line":315,"column":28}},"77":{"start":{"line":316,"column":2},"end":{"line":318,"column":3}},"78":{"start":{"line":317,"column":3},"end":{"line":317,"column":29}},"79":{"start":{"line":320,"column":2},"end":{"line":320,"column":26}},"80":{"start":{"line":321,"column":2},"end":{"line":323,"column":3}},"81":{"start":{"line":322,"column":3},"end":{"line":322,"column":48}},"82":{"start":{"line":325,"column":2},"end":{"line":325,"column":14}},"83":{"start":{"line":333,"column":1},"end":{"line":333,"column":28}},"84":{"start":{"line":340,"column":1},"end":{"line":340,"column":24}},"85":{"start":{"line":347,"column":1},"end":{"line":347,"column":24}},"86":{"start":{"line":354,"column":1},"end":{"line":354,"column":23}},"87":{"start":{"line":361,"column":1},"end":{"line":361,"column":22}},"88":{"start":{"line":368,"column":1},"end":{"line":368,"column":23}},"89":{"start":{"line":375,"column":1},"end":{"line":375,"column":23}},"90":{"start":{"line":382,"column":1},"end":{"line":382,"column":23}},"91":{"start":{"line":389,"column":1},"end":{"line":389,"column":24}},"92":{"start":{"line":396,"column":1},"end":{"line":396,"column":26}},"93":{"start":{"line":403,"column":1},"end":{"line":403,"column":27}},"94":{"start":{"line":409,"column":1},"end":{"line":409,"column":21}},"95":{"start":{"line":415,"column":1},"end":{"line":415,"column":19}},"96":{"start":{"line":421,"column":1},"end":{"line":421,"column":16}},"97":{"start":{"line":427,"column":1},"end":{"line":427,"column":17}},"98":{"start":{"line":433,"column":1},"end":{"line":433,"column":15}},"99":{"start":{"line":442,"column":1},"end":{"line":442,"column":15}},"100":{"start":{"line":451,"column":1},"end":{"line":451,"column":18}},"101":{"start":{"line":459,"column":1},"end":{"line":461,"column":2}},"102":{"start":{"line":460,"column":2},"end":{"line":460,"column":91}},"103":{"start":{"line":470,"column":1},"end":{"line":470,"column":16}},"104":{"start":{"line":479,"column":1},"end":{"line":479,"column":23}},"105":{"start":{"line":487,"column":1},"end":{"line":500,"column":3}},"106":{"start":{"line":488,"column":2},"end":{"line":488,"column":31}},"107":{"start":{"line":490,"column":2},"end":{"line":490,"column":27}},"108":{"start":{"line":491,"column":2},"end":{"line":493,"column":3}},"109":{"start":{"line":492,"column":3},"end":{"line":492,"column":49}},"110":{"start":{"line":494,"column":2},"end":{"line":496,"column":3}},"111":{"start":{"line":495,"column":3},"end":{"line":495,"column":19}},"112":{"start":{"line":498,"column":2},"end":{"line":498,"column":36}},"113":{"start":{"line":499,"column":2},"end":{"line":499,"column":38}},"114":{"start":{"line":509,"column":1},"end":{"line":528,"column":3}},"115":{"start":{"line":510,"column":2},"end":{"line":510,"column":22}},"116":{"start":{"line":511,"column":2},"end":{"line":511,"column":31}},"117":{"start":{"line":513,"column":2},"end":{"line":513,"column":27}},"118":{"start":{"line":514,"column":2},"end":{"line":517,"column":3}},"119":{"start":{"line":515,"column":3},"end":{"line":515,"column":40}},"120":{"start":{"line":516,"column":3},"end":{"line":516,"column":72}},"121":{"start":{"line":518,"column":2},"end":{"line":521,"column":3}},"122":{"start":{"line":520,"column":3},"end":{"line":520,"column":48}},"123":{"start":{"line":522,"column":2},"end":{"line":524,"column":3}},"124":{"start":{"line":523,"column":3},"end":{"line":523,"column":19}},"125":{"start":{"line":526,"column":2},"end":{"line":526,"column":36}},"126":{"start":{"line":527,"column":2},"end":{"line":527,"column":38}},"127":{"start":{"line":536,"column":1},"end":{"line":538,"column":3}},"128":{"start":{"line":537,"column":2},"end":{"line":537,"column":31}},"129":{"start":{"line":547,"column":1},"end":{"line":606,"column":3}},"130":{"start":{"line":548,"column":2},"end":{"line":548,"column":16}},"131":{"start":{"line":550,"column":2},"end":{"line":550,"column":27}},"132":{"start":{"line":551,"column":2},"end":{"line":553,"column":3}},"133":{"start":{"line":552,"column":3},"end":{"line":552,"column":48}},"134":{"start":{"line":555,"column":2},"end":{"line":555,"column":23}},"135":{"start":{"line":556,"column":2},"end":{"line":558,"column":3}},"136":{"start":{"line":557,"column":3},"end":{"line":557,"column":48}},"137":{"start":{"line":560,"column":2},"end":{"line":560,"column":21}},"138":{"start":{"line":561,"column":2},"end":{"line":563,"column":3}},"139":{"start":{"line":562,"column":3},"end":{"line":562,"column":46}},"140":{"start":{"line":565,"column":2},"end":{"line":565,"column":19}},"141":{"start":{"line":566,"column":2},"end":{"line":568,"column":3}},"142":{"start":{"line":567,"column":3},"end":{"line":567,"column":44}},"143":{"start":{"line":570,"column":2},"end":{"line":570,"column":20}},"144":{"start":{"line":571,"column":2},"end":{"line":573,"column":3}},"145":{"start":{"line":572,"column":3},"end":{"line":572,"column":45}},"146":{"start":{"line":575,"column":2},"end":{"line":575,"column":19}},"147":{"start":{"line":576,"column":2},"end":{"line":578,"column":3}},"148":{"start":{"line":577,"column":3},"end":{"line":577,"column":44}},"149":{"start":{"line":580,"column":2},"end":{"line":580,"column":18}},"150":{"start":{"line":581,"column":2},"end":{"line":583,"column":3}},"151":{"start":{"line":582,"column":3},"end":{"line":582,"column":43}},"152":{"start":{"line":585,"column":2},"end":{"line":585,"column":19}},"153":{"start":{"line":586,"column":2},"end":{"line":588,"column":3}},"154":{"start":{"line":587,"column":3},"end":{"line":587,"column":44}},"155":{"start":{"line":590,"column":2},"end":{"line":590,"column":21}},"156":{"start":{"line":591,"column":2},"end":{"line":593,"column":3}},"157":{"start":{"line":592,"column":3},"end":{"line":592,"column":46}},"158":{"start":{"line":595,"column":2},"end":{"line":595,"column":21}},"159":{"start":{"line":596,"column":2},"end":{"line":598,"column":3}},"160":{"start":{"line":597,"column":3},"end":{"line":597,"column":46}},"161":{"start":{"line":600,"column":2},"end":{"line":600,"column":26}},"162":{"start":{"line":601,"column":2},"end":{"line":603,"column":3}},"163":{"start":{"line":602,"column":3},"end":{"line":602,"column":51}},"164":{"start":{"line":605,"column":2},"end":{"line":605,"column":14}},"165":{"start":{"line":615,"column":1},"end":{"line":698,"column":2}},"166":{"start":{"line":616,"column":2},"end":{"line":697,"column":4}},"167":{"start":{"line":618,"column":4},"end":{"line":620,"column":5}},"168":{"start":{"line":619,"column":5},"end":{"line":619,"column":12}},"169":{"start":{"line":622,"column":4},"end":{"line":622,"column":17}},"170":{"start":{"line":623,"column":4},"end":{"line":623,"column":19}},"171":{"start":{"line":627,"column":4},"end":{"line":629,"column":5}},"172":{"start":{"line":628,"column":5},"end":{"line":628,"column":12}},"173":{"start":{"line":631,"column":4},"end":{"line":631,"column":15}},"174":{"start":{"line":632,"column":4},"end":{"line":632,"column":19}},"175":{"start":{"line":636,"column":4},"end":{"line":638,"column":5}},"176":{"start":{"line":637,"column":5},"end":{"line":637,"column":12}},"177":{"start":{"line":640,"column":4},"end":{"line":640,"column":14}},"178":{"start":{"line":641,"column":4},"end":{"line":641,"column":17}},"179":{"start":{"line":645,"column":4},"end":{"line":647,"column":5}},"180":{"start":{"line":646,"column":5},"end":{"line":646,"column":12}},"181":{"start":{"line":649,"column":4},"end":{"line":649,"column":15}},"182":{"start":{"line":650,"column":4},"end":{"line":650,"column":16}},"183":{"start":{"line":654,"column":4},"end":{"line":656,"column":5}},"184":{"start":{"line":655,"column":5},"end":{"line":655,"column":12}},"185":{"start":{"line":658,"column":4},"end":{"line":658,"column":16}},"186":{"start":{"line":659,"column":4},"end":{"line":659,"column":17}},"187":{"start":{"line":663,"column":4},"end":{"line":665,"column":5}},"188":{"start":{"line":664,"column":5},"end":{"line":664,"column":12}},"189":{"start":{"line":667,"column":4},"end":{"line":667,"column":15}},"190":{"start":{"line":668,"column":4},"end":{"line":668,"column":18}},"191":{"start":{"line":672,"column":4},"end":{"line":674,"column":5}},"192":{"start":{"line":673,"column":5},"end":{"line":673,"column":12}},"193":{"start":{"line":676,"column":4},"end":{"line":676,"column":17}},"194":{"start":{"line":677,"column":4},"end":{"line":677,"column":17}},"195":{"start":{"line":681,"column":4},"end":{"line":683,"column":5}},"196":{"start":{"line":682,"column":5},"end":{"line":682,"column":12}},"197":{"start":{"line":685,"column":4},"end":{"line":685,"column":19}},"198":{"start":{"line":686,"column":4},"end":{"line":686,"column":19}},"199":{"start":{"line":690,"column":4},"end":{"line":692,"column":5}},"200":{"start":{"line":691,"column":5},"end":{"line":691,"column":12}},"201":{"start":{"line":694,"column":4},"end":{"line":694,"column":19}},"202":{"start":{"line":695,"column":4},"end":{"line":695,"column":21}},"203":{"start":{"line":712,"column":1},"end":{"line":732,"column":2}},"204":{"start":{"line":713,"column":2},"end":{"line":716,"column":3}},"205":{"start":{"line":714,"column":3},"end":{"line":714,"column":24}},"206":{"start":{"line":715,"column":3},"end":{"line":715,"column":23}},"207":{"start":{"line":718,"column":2},"end":{"line":718,"column":21}},"208":{"start":{"line":719,"column":2},"end":{"line":722,"column":3}},"209":{"start":{"line":721,"column":3},"end":{"line":721,"column":12}},"210":{"start":{"line":724,"column":2},"end":{"line":729,"column":3}},"211":{"start":{"line":726,"column":3},"end":{"line":726,"column":53}},"212":{"start":{"line":727,"column":3},"end":{"line":727,"column":29}},"213":{"start":{"line":728,"column":3},"end":{"line":728,"column":12}},"214":{"start":{"line":731,"column":2},"end":{"line":731,"column":14}},"215":{"start":{"line":741,"column":1},"end":{"line":773,"column":2}},"216":{"start":{"line":742,"column":2},"end":{"line":742,"column":89}},"217":{"start":{"line":743,"column":2},"end":{"line":743,"column":24}},"218":{"start":{"line":743,"column":15},"end":{"line":743,"column":22}},"219":{"start":{"line":745,"column":2},"end":{"line":745,"column":78}},"220":{"start":{"line":746,"column":2},"end":{"line":746,"column":24}},"221":{"start":{"line":746,"column":15},"end":{"line":746,"column":22}},"222":{"start":{"line":748,"column":2},"end":{"line":748,"column":74}},"223":{"start":{"line":749,"column":2},"end":{"line":749,"column":24}},"224":{"start":{"line":749,"column":15},"end":{"line":749,"column":22}},"225":{"start":{"line":751,"column":2},"end":{"line":751,"column":68}},"226":{"start":{"line":752,"column":2},"end":{"line":752,"column":24}},"227":{"start":{"line":752,"column":15},"end":{"line":752,"column":22}},"228":{"start":{"line":754,"column":2},"end":{"line":754,"column":68}},"229":{"start":{"line":755,"column":2},"end":{"line":755,"column":24}},"230":{"start":{"line":755,"column":15},"end":{"line":755,"column":22}},"231":{"start":{"line":757,"column":2},"end":{"line":757,"column":96}},"232":{"start":{"line":758,"column":2},"end":{"line":758,"column":24}},"233":{"start":{"line":758,"column":15},"end":{"line":758,"column":22}},"234":{"start":{"line":760,"column":2},"end":{"line":760,"column":107}},"235":{"start":{"line":761,"column":2},"end":{"line":761,"column":24}},"236":{"start":{"line":761,"column":15},"end":{"line":761,"column":22}},"237":{"start":{"line":763,"column":2},"end":{"line":763,"column":74}},"238":{"start":{"line":764,"column":2},"end":{"line":764,"column":24}},"239":{"start":{"line":764,"column":15},"end":{"line":764,"column":22}},"240":{"start":{"line":766,"column":2},"end":{"line":766,"column":81}},"241":{"start":{"line":767,"column":2},"end":{"line":767,"column":24}},"242":{"start":{"line":767,"column":15},"end":{"line":767,"column":22}},"243":{"start":{"line":769,"column":2},"end":{"line":769,"column":88}},"244":{"start":{"line":772,"column":2},"end":{"line":772,"column":60}},"245":{"start":{"line":772,"column":14},"end":{"line":772,"column":58}},"246":{"start":{"line":781,"column":1},"end":{"line":880,"column":2}},"247":{"start":{"line":782,"column":2},"end":{"line":782,"column":8}},"248":{"start":{"line":784,"column":2},"end":{"line":794,"column":3}},"249":{"start":{"line":786,"column":3},"end":{"line":786,"column":56}},"250":{"start":{"line":787,"column":3},"end":{"line":787,"column":19}},"251":{"start":{"line":788,"column":3},"end":{"line":788,"column":50}},"252":{"start":{"line":790,"column":9},"end":{"line":794,"column":3}},"253":{"start":{"line":792,"column":3},"end":{"line":792,"column":66}},"254":{"start":{"line":793,"column":3},"end":{"line":793,"column":46}},"255":{"start":{"line":796,"column":2},"end":{"line":806,"column":3}},"256":{"start":{"line":798,"column":3},"end":{"line":798,"column":46}},"257":{"start":{"line":799,"column":3},"end":{"line":799,"column":19}},"258":{"start":{"line":800,"column":3},"end":{"line":800,"column":40}},"259":{"start":{"line":802,"column":9},"end":{"line":806,"column":3}},"260":{"start":{"line":804,"column":3},"end":{"line":804,"column":56}},"261":{"start":{"line":805,"column":3},"end":{"line":805,"column":36}},"262":{"start":{"line":808,"column":2},"end":{"line":818,"column":3}},"263":{"start":{"line":810,"column":3},"end":{"line":810,"column":44}},"264":{"start":{"line":811,"column":3},"end":{"line":811,"column":17}},"265":{"start":{"line":812,"column":3},"end":{"line":812,"column":38}},"266":{"start":{"line":814,"column":9},"end":{"line":818,"column":3}},"267":{"start":{"line":816,"column":3},"end":{"line":816,"column":52}},"268":{"start":{"line":817,"column":3},"end":{"line":817,"column":34}},"269":{"start":{"line":820,"column":2},"end":{"line":830,"column":3}},"270":{"start":{"line":822,"column":3},"end":{"line":822,"column":39}},"271":{"start":{"line":823,"column":3},"end":{"line":823,"column":16}},"272":{"start":{"line":824,"column":3},"end":{"line":824,"column":33}},"273":{"start":{"line":826,"column":9},"end":{"line":830,"column":3}},"274":{"start":{"line":828,"column":3},"end":{"line":828,"column":46}},"275":{"start":{"line":829,"column":3},"end":{"line":829,"column":29}},"276":{"start":{"line":832,"column":2},"end":{"line":838,"column":3}},"277":{"start":{"line":836,"column":3},"end":{"line":836,"column":15}},"278":{"start":{"line":837,"column":3},"end":{"line":837,"column":43}},"279":{"start":{"line":842,"column":2},"end":{"line":846,"column":3}},"280":{"start":{"line":844,"column":3},"end":{"line":844,"column":46}},"281":{"start":{"line":845,"column":3},"end":{"line":845,"column":28}},"282":{"start":{"line":848,"column":2},"end":{"line":858,"column":3}},"283":{"start":{"line":850,"column":3},"end":{"line":850,"column":42}},"284":{"start":{"line":851,"column":3},"end":{"line":851,"column":17}},"285":{"start":{"line":852,"column":3},"end":{"line":852,"column":36}},"286":{"start":{"line":854,"column":9},"end":{"line":858,"column":3}},"287":{"start":{"line":856,"column":3},"end":{"line":856,"column":50}},"288":{"start":{"line":857,"column":3},"end":{"line":857,"column":32}},"289":{"start":{"line":863,"column":2},"end":{"line":879,"column":3}},"290":{"start":{"line":865,"column":3},"end":{"line":865,"column":52}},"291":{"start":{"line":866,"column":3},"end":{"line":866,"column":32}},"292":{"start":{"line":868,"column":3},"end":{"line":878,"column":4}},"293":{"start":{"line":870,"column":4},"end":{"line":870,"column":60}},"294":{"start":{"line":871,"column":4},"end":{"line":871,"column":38}},"295":{"start":{"line":873,"column":4},"end":{"line":877,"column":5}},"296":{"start":{"line":875,"column":5},"end":{"line":875,"column":68}},"297":{"start":{"line":876,"column":5},"end":{"line":876,"column":46}},"298":{"start":{"line":891,"column":1},"end":{"line":998,"column":2}},"299":{"start":{"line":892,"column":2},"end":{"line":892,"column":
[...]
or(ts.milliseconds / MILLISECONDS_PER_SECOND);","\t\t\tts.milliseconds %= MILLISECONDS_PER_SECOND;","\t\t}","","\t\tif (ts.seconds < 0) {","\t\t\t// ripple minutes down to seconds","\t\t\tx = ceil(-ts.seconds / SECONDS_PER_MINUTE);","\t\t\tts.minutes -= x;","\t\t\tts.seconds += x * SECONDS_PER_MINUTE;","","\t\t} else if (ts.seconds >= SECONDS_PER_MINUTE) {","\t\t\t// ripple seconds up to minutes","\t\t\tts.minutes += floor(ts.seconds / SECONDS_PER_MINUTE);","\t\t\tts.seconds %= SECONDS_PER_MINUTE;","\t\t}","","\t\tif (ts.minutes < 0) {","\t\t\t// ripple hours down to minutes","\t\t\tx = ceil(-ts.minutes / MINUTES_PER_HOUR);","\t\t\tts.hours -= x;","\t\t\tts.minutes += x * MINUTES_PER_HOUR;","","\t\t} else if (ts.minutes >= MINUTES_PER_HOUR) {","\t\t\t// ripple minutes up to hours","\t\t\tts.hours += floor(ts.minutes / MINUTES_PER_HOUR);","\t\t\tts.minutes %= MINUTES_PER_HOUR;","\t\t}","","\t\tif (ts.hours < 0) {","\t\t\t// ripple days down to hours","\t\t\tx = ceil(-ts.hours / HOURS_PER_DAY);","\t\t\tts.days -= x;","\t\t\tts.hours += x * HOURS_PER_DAY;","","\t\t} else if (ts.hours >= HOURS_PER_DAY) {","\t\t\t// ripple hours up to days","\t\t\tts.days += floor(ts.hours / HOURS_PER_DAY);","\t\t\tts.hours %= HOURS_PER_DAY;","\t\t}","","\t\twhile (ts.days < 0) {","\t\t\t// NOTE: never actually seen this loop more than once","","\t\t\t// ripple months down to days","\t\t\tts.months--;","\t\t\tts.days += borrowMonths(ts.refMonth, 1);","\t\t}","","\t\t// weeks is always zero here","","\t\tif (ts.days >= DAYS_PER_WEEK) {","\t\t\t// ripple days up to weeks","\t\t\tts.weeks += floor(ts.days / DAYS_PER_WEEK);","\t\t\tts.days %= DAYS_PER_WEEK;","\t\t}","","\t\tif (ts.months < 0) {","\t\t\t// ripple years down to months","\t\t\tx = ceil(-ts.months / MONTHS_PER_YEAR);","\t\t\tts.years -= x;","\t\t\tts.months += x * MONTHS_PER_YEAR;","","\t\t} else if (ts.months >= MONTHS_PER_YEAR) {","\t\t\t// ripple months up to years","\t\t\tts.years += floor(ts.months / MONTHS_PER_YEAR);","\t\t\tts.months %= MONTHS_PER_YEAR;","\t\t}","","\t\t// years is always non-negative here","\t\t// decades, centuries and millennia are always zero here","","\t\tif (ts.years >= YEARS_PER_DECADE) {","\t\t\t// ripple years up to decades","\t\t\tts.decades += floor(ts.years / YEARS_PER_DECADE);","\t\t\tts.years %= YEARS_PER_DECADE;","","\t\t\tif (ts.decades >= DECADES_PER_CENTURY) {","\t\t\t\t// ripple decades up to centuries","\t\t\t\tts.centuries += floor(ts.decades / DECADES_PER_CENTURY);","\t\t\t\tts.decades %= DECADES_PER_CENTURY;","","\t\t\t\tif (ts.centuries >= CENTURIES_PER_MILLENNIUM) {","\t\t\t\t\t// ripple centuries up to millennia","\t\t\t\t\tts.millennia += floor(ts.centuries / CENTURIES_PER_MILLENNIUM);","\t\t\t\t\tts.centuries %= CENTURIES_PER_MILLENNIUM;","\t\t\t\t}","\t\t\t}","\t\t}","\t}","","\t/**","\t * Remove any units not requested","\t * ","\t * @private","\t * @param {Timespan} ts","\t * @param {number} units the units to populate","\t * @param {number} max number of labels to output","\t * @param {number} digits max number of decimal digits to output","\t */","\tfunction pruneUnits(ts, units, max, digits) {","\t\tvar count = 0;","","\t\t// Calc from largest unit to smallest to prevent underflow","\t\tif (!(units & MILLENNIA) || (count >= max)) {","\t\t\t// ripple millennia down to centuries","\t\t\tts.centuries += ts.millennia * CENTURIES_PER_MILLENNIUM;","\t\t\tdelete ts.millennia;","","\t\t} else if (ts.millennia) {","\t\t\tcount++;","\t\t}","","\t\tif (!(units & CENTURIES) || (count >= max)) {","\t\t\t// ripple centuries down to decades","\t\t\tts.decades += ts.centuries * DECADES_PER_CENTURY;","\t\t\tdelete ts.centuries;","","\t\t} else if (ts.centuries) {","\t\t\tcount++;","\t\t}","","\t\tif (!(units & DECADES) || (count >= max)) {","\t\t\t// ripple decades down to years","\t\t\tts.years += ts.decades * YEARS_PER_DECADE;","\t\t\tdelete ts.decades;","","\t\t} else if (ts.decades) {","\t\t\tcount++;","\t\t}","","\t\tif (!(units & YEARS) || (count >= max)) {","\t\t\t// ripple years down to months","\t\t\tts.months += ts.years * MONTHS_PER_YEAR;","\t\t\tdelete ts.years;","","\t\t} else if (ts.years) {","\t\t\tcount++;","\t\t}","","\t\tif (!(units & MONTHS) || (count >= max)) {","\t\t\t// ripple months down to days","\t\t\tif (ts.months) {","\t\t\t\tts.days += borrowMonths(ts.refMonth, ts.months);","\t\t\t}","\t\t\tdelete ts.months;","","\t\t\tif (ts.days >= DAYS_PER_WEEK) {","\t\t\t\t// ripple day overflow back up to weeks","\t\t\t\tts.weeks += floor(ts.days / DAYS_PER_WEEK);","\t\t\t\tts.days %= DAYS_PER_WEEK;","\t\t\t}","","\t\t} else if (ts.months) {","\t\t\tcount++;","\t\t}","","\t\tif (!(units & WEEKS) || (count >= max)) {","\t\t\t// ripple weeks down to days","\t\t\tts.days += ts.weeks * DAYS_PER_WEEK;","\t\t\tdelete ts.weeks;","","\t\t} else if (ts.weeks) {","\t\t\tcount++;","\t\t}","","\t\tif (!(units & DAYS) || (count >= max)) {","\t\t\t//ripple days down to hours","\t\t\tts.hours += ts.days * HOURS_PER_DAY;","\t\t\tdelete ts.days;","","\t\t} else if (ts.days) {","\t\t\tcount++;","\t\t}","","\t\tif (!(units & HOURS) || (count >= max)) {","\t\t\t// ripple hours down to minutes","\t\t\tts.minutes += ts.hours * MINUTES_PER_HOUR;","\t\t\tdelete ts.hours;","","\t\t} else if (ts.hours) {","\t\t\tcount++;","\t\t}","","\t\tif (!(units & MINUTES) || (count >= max)) {","\t\t\t// ripple minutes down to seconds","\t\t\tts.seconds += ts.minutes * SECONDS_PER_MINUTE;","\t\t\tdelete ts.minutes;","","\t\t} else if (ts.minutes) {","\t\t\tcount++;","\t\t}","","\t\tif (!(units & SECONDS) || (count >= max)) {","\t\t\t// ripple seconds down to milliseconds","\t\t\tts.milliseconds += ts.seconds * MILLISECONDS_PER_SECOND;","\t\t\tdelete ts.seconds;","","\t\t} else if (ts.seconds) {","\t\t\tcount++;","\t\t}","","\t\t// nothing to ripple milliseconds down to","\t\t// so ripple back up to smallest existing unit as a fractional value","\t\tif (!(units & MILLISECONDS) || (count >= max)) {","\t\t\tfractional(ts, digits);","\t\t}","\t}","","\t/**","\t * Populates the Timespan object","\t * ","\t * @private","\t * @param {Timespan} ts","\t * @param {?Date} start the starting date","\t * @param {?Date} end the ending date","\t * @param {number} units the units to populate","\t * @param {number} max number of labels to output","\t * @param {number} digits max number of decimal digits to output","\t */","\tfunction populate(ts, start, end, units, max, digits) {","\t\tvar now = new Date();","","\t\tts.start = start = start || now;","\t\tts.end = end = end || now;","\t\tts.units = units;","","\t\tts.value = end.getTime() - start.getTime();","\t\tif (ts.value < 0) {","\t\t\t// swap if reversed","\t\t\tvar tmp = end;","\t\t\tend = start;","\t\t\tstart = tmp;","\t\t}","","\t\t// reference month for determining days in month","\t\tts.refMonth = new Date(start.getFullYear(), start.getMonth(), 15, 12, 0, 0);","\t\ttry {","\t\t\t// reset to initial deltas","\t\t\tts.millennia = 0;","\t\t\tts.centuries = 0;","\t\t\tts.decades = 0;","\t\t\tts.years = end.getFullYear() - start.getFullYear();","\t\t\tts.months = end.getMonth() - start.getMonth();","\t\t\tts.weeks = 0;","\t\t\tts.days = end.getDate() - start.getDate();","\t\t\tts.hours = end.getHours() - start.getHours();","\t\t\tts.minutes = end.getMinutes() - start.getMinutes();","\t\t\tts.seconds = end.getSeconds() - start.getSeconds();","\t\t\tts.milliseconds = end.getMilliseconds() - start.getMilliseconds();","","\t\t\tripple(ts);","\t\t\tpruneUnits(ts, units, max, digits);","","\t\t} finally {","\t\t\tdelete ts.refMonth;","\t\t}","","\t\treturn ts;","\t}","","\t/**","\t * Determine an appropriate refresh rate based upon units","\t * ","\t * @private","\t * @param {number} units the units to populate","\t * @return {number} milliseconds to delay","\t */","\tfunction getDelay(units) {","\t\tif (units & MILLISECONDS) {","\t\t\t// refresh very quickly","\t\t\treturn MILLISECONDS_PER_SECOND / 30; //30Hz","\t\t}","","\t\tif (units & SECONDS) {","\t\t\t// refresh every second","\t\t\treturn MILLISECONDS_PER_SECOND; //1Hz","\t\t}","","\t\tif (units & MINUTES) {","\t\t\t// refresh every minute","\t\t\treturn MILLISECONDS_PER_SECOND * SECONDS_PER_MINUTE;","\t\t}","","\t\tif (units & HOURS) {","\t\t\t// refresh hourly","\t\t\treturn MILLISECONDS_PER_SECOND * SECONDS_PER_MINUTE * MINUTES_PER_HOUR;","\t\t}","\t\t","\t\tif (units & DAYS) {","\t\t\t// refresh daily","\t\t\treturn MILLISECONDS_PER_SECOND * SECONDS_PER_MINUTE * MINUTES_PER_HOUR * HOURS_PER_DAY;","\t\t}","","\t\t// refresh the rest weekly","\t\treturn MILLISECONDS_PER_SECOND * SECONDS_PER_MINUTE * MINUTES_PER_HOUR * HOURS_PER_DAY * DAYS_PER_WEEK;","\t}","","\t/**","\t * API entry point","\t * ","\t * @public","\t * @param {Date|number|Timespan|null|function(Timespan,number)} start the starting date","\t * @param {Date|number|Timespan|null|function(Timespan,number)} end the ending date","\t * @param {number=} units the units to populate","\t * @param {number=} max number of labels to output","\t * @param {number=} digits max number of decimal digits to output","\t * @return {Timespan|number}","\t */","\tfunction countdown(start, end, units, max, digits) {","\t\tvar callback;","","\t\t// ensure some units or use defaults","\t\tunits = +units || DEFAULTS;","\t\t// max must be positive","\t\tmax = (max > 0) ? max : NaN;","\t\t// clamp digits to an integer between [0, 20]","\t\tdigits = (digits > 0) ? (digits < 20) ? Math.round(digits) : 20 : 0;","","\t\t// ensure start date","\t\tvar startTS = null;","\t\tif ('function' === typeof start) {","\t\t\tcallback = start;","\t\t\tstart = null;","","\t\t} else if (!(start instanceof Date)) {","\t\t\tif ((start !== null) && isFinite(start)) {","\t\t\t\tstart = new Date(+start);","\t\t\t} else {","\t\t\t\tif ('object' === typeof startTS) {","\t\t\t\t\tstartTS = /** @type{Timespan} */(start);","\t\t\t\t}","\t\t\t\tstart = null;","\t\t\t}","\t\t}","","\t\t// ensure end date","\t\tvar endTS = null;","\t\tif ('function' === typeof end) {","\t\t\tcallback = end;","\t\t\tend = null;","","\t\t} else if (!(end instanceof Date)) {","\t\t\tif ((end !== null) && isFinite(end)) {","\t\t\t\tend = new Date(+end);","\t\t\t} else {","\t\t\t\tif ('object' === typeof end) {","\t\t\t\t\tendTS = /** @type{Timespan} */(end);","\t\t\t\t}","\t\t\t\tend = null;","\t\t\t}","\t\t}","","\t\t// must wait to interpret timespans until after resolving dates","\t\tif (startTS) {","\t\t\tstart = addToDate(startTS, end);","\t\t}","\t\tif (endTS) {","\t\t\tend = addToDate(endTS, start);","\t\t}","","\t\tif (!start && !end) {","\t\t\t// used for unit testing","\t\t\treturn new Timespan();","\t\t}","","\t\tif (!callback) {","\t\t\treturn populate(new Timespan(), /** @type{Date} */(start), /** @type{Date} */(end), /** @type{number} */(units), /** @type{number} */(max), /** @type{number} */(digits));","\t\t}","","\t\t// base delay off units","\t\tvar delay = getDelay(units),","\t\t\ttimerId,","\t\t\tfn = function() {","\t\t\t\tcallback(","\t\t\t\t\tpopulate(new Timespan(), /** @type{Date} */(start), /** @type{Date} */(end), /** @type{number} */(units), /** @type{number} */(max), /** @type{number} */(digits)),","\t\t\t\t\ttimerId","\t\t\t\t);","\t\t\t};","","\t\tfn();","\t\treturn (timerId = setInterval(fn, delay));","\t}","","\t/**","\t * @public","\t * @const","\t * @type {number}","\t */","\tcountdown.MILLISECONDS = MILLISECONDS;","","\t/**","\t * @public","\t * @const","\t * @type {number}","\t */","\tcountdown.SECONDS = SECONDS;","","\t/**","\t * @public","\t * @const","\t * @type {number}","\t */","\tcountdown.MINUTES = MINUTES;","","\t/**","\t * @public","\t * @const","\t * @type {number}","\t */","\tcountdown.HOURS = HOURS;","","\t/**","\t * @public","\t * @const","\t * @type {number}","\t */","\tcountdown.DAYS = DAYS;","","\t/**","\t * @public","\t * @const","\t * @type {number}","\t */","\tcountdown.WEEKS = WEEKS;","","\t/**","\t * @public","\t * @const","\t * @type {number}","\t */","\tcountdown.MONTHS = MONTHS;","","\t/**","\t * @public","\t * @const","\t * @type {number}","\t */","\tcountdown.YEARS = YEARS;","","\t/**","\t * @public","\t * @const","\t * @type {number}","\t */","\tcountdown.DECADES = DECADES;","","\t/**","\t * @public","\t * @const","\t * @type {number}","\t */","\tcountdown.CENTURIES = CENTURIES;","","\t/**","\t * @public","\t * @const","\t * @type {number}","\t */","\tcountdown.MILLENNIA = MILLENNIA;","","\t/**","\t * @public","\t * @const","\t * @type {number}","\t */","\tcountdown.DEFAULTS = DEFAULTS;","","\t/**","\t * @public","\t * @const","\t * @type {number}","\t */","\tcountdown.ALL = MILLENNIA|CENTURIES|DECADES|YEARS|MONTHS|WEEKS|DAYS|HOURS|MINUTES|SECONDS|MILLISECONDS;","","\t/**","\t * Customize the format settings.","\t * @public","\t * @param {Object} format settings object","\t */","\tvar setFormat = countdown.setFormat = function(format) {","\t\tif (!format) { return; }","","\t\tif ('singular' in format || 'plural' in format) {","\t\t\tvar singular = format.singular || [];","\t\t\tif (singular.split) {","\t\t\t\tsingular = singular.split('|');","\t\t\t}","\t\t\tvar plural = format.plural || [];","\t\t\tif (plural.split) {","\t\t\t\tplural = plural.split('|');","\t\t\t}","","\t\t\tfor (var i=LABEL_MILLISECONDS; i<=LABEL_MILLENNIA; i++) {","\t\t\t\t// override any specified units","\t\t\t\tLABELS_SINGLUAR[i] = singular[i] || LABELS_SINGLUAR[i];","\t\t\t\tLABELS_PLURAL[i] = plural[i] || LABELS_PLURAL[i];","\t\t\t}","\t\t}","","\t\tif ('string' === typeof format.last) {","\t\t\tLABEL_LAST = format.last;","\t\t}","\t\tif ('string' === typeof format.delim) {","\t\t\tLABEL_DELIM = format.delim;","\t\t}","\t\tif ('string' === typeof format.empty) {","\t\t\tLABEL_NOW = format.empty;","\t\t}","\t\tif ('function' === typeof format.formatNumber) {","\t\t\tformatNumber = format.formatNumber;","\t\t}","\t\tif ('function' === typeof format.formatter) {","\t\t\tformatter = format.formatter;","\t\t}","\t};","","\t/**","\t * Revert to the default formatting.","\t * @public","\t */","\tvar resetFormat = countdown.resetFormat = function() {","\t\tLABELS_SINGLUAR = ' millisecond| second| minute| hour| day| week| month| year| decade| century| millennium'.split('|');","\t\tLABELS_PLURAL = ' milliseconds| seconds| minutes| hours| days| weeks| months| years| decades| centuries| millennia'.split('|');","\t\tLABEL_LAST = ' and ';","\t\tLABEL_DELIM = ', ';","\t\tLABEL_NOW = '';","\t\tformatNumber = function(value) { return value; };","\t\tformatter = plurality;","\t};","","\t/**","\t * Override the unit labels.","\t * @public","\t * @param {string|Array=} singular a pipe ('|') delimited list of singular unit name overrides","\t * @param {string|Array=} plural a pipe ('|') delimited list of plural unit name overrides","\t * @param {string=} last a delimiter before the last unit (default: ' and ')","\t * @param {string=} delim a delimiter to use between all other units (default: ', ')","\t * @param {string=} empty a label to use when all units are zero (default: '')","\t * @param {function(number):string=} formatNumber a function which formats numbers as a string","\t * @param {function(number,number):string=} formatter a function which formats a number/unit pair as a string","\t * @deprecated since version 2.6.0","\t */","\tcountdown.setLabels = function(singular, plural, last, delim, empty, formatNumber, formatter) {","\t\tsetFormat({","\t\t\tsingular: singular,","\t\t\tplural: plural,","\t\t\tlast: last,","\t\t\tdelim: delim,","\t\t\tempty: empty,","\t\t\tformatNumber: formatNumber,","\t\t\tformatter: formatter","\t\t});","\t};","","\t/**","\t * Revert to the default unit labels.","\t * @public","\t * @deprecated since version 2.6.0","\t */","\tcountdown.resetLabels = resetFormat;","","\tresetFormat();","","\tif (module && module.exports) {","\t\tmodule.exports = countdown;","","\t} else if (typeof window.define === 'function' && typeof window.define.amd !== 'undefined') {","\t\twindow.define('countdown', [], function() {","\t\t\treturn countdown;","\t\t});","\t}","","\treturn countdown;","","})(module);",""],"l":{"13":1,"23":1,"38":1,"45":1,"52":1,"59":1,"66":1,"73":1,"80":1,"87":1,"94":1,"101":1,"108":1,"115":1,"122":1,"129":1,"136":1,"143":1,"150":1,"157":1,"164":1,"171":1,"178":1,"185":1,"192":1,"199":1,"207":1,"208":0,"211":0,"214":0,"222":1,"223":0,"226":0,"227":0,"230":0,"238":1,"239":0,"242":0,"243":0,"246":0,"257":1,"258":0,"259":0,"260":0,"264":0,"265":0,"266":0,"267":0,"270":0,"271":0,"272":0,"275":0,"276":0,"277":0,"280":0,"281":0,"282":0,"285":0,"286":0,"287":0,"290":0,"291":0,"292":0,"295":0,"296":0,"297":0,"300":0,"301":0,"302":0,"305":0,"306":0,"307":0,"310":0,"311":0,"312":0,"315":0,"316":0,"317":0,"320":0,"321":0,"322":0,"325":0,"333":1,"340":1,"347":1,"354":1,"361":1,"368":1,"375":1,"382":1,"389":1,"396":1,"403":1,"409":1,"415":1,"421":1,"427":1,"433":1,"442":1,"451":1,"459":1,"460":0,"470":1,"479":1,"487":1,"488":0,"490":0,"491":0,"492":0,"494":0,"495":0,"498":0,"499":0,"509":1,"510":0,"511":0,"513":0,"514":0,"515":0,"516":0,"518":0,"520":0,"522":0,"523":0,"526":0,"527":0,"536":1,"537":0,"547":1,"548":0,"550":0,"551":0,"552":0,"555":0,"556":0,"557":0,"560":0,"561":0,"562":0,"565":0,"566":0,"567":0,"570":0,"571":0,"572":0,"575":0,"576":0,"577":0,"580":0,"581":0,"582":0,"585":0,"586":0,"587":0,"590":0,"591":0,"592":0,"595":0,"596":0,"597":0,"600":0,"601":0,"602":0,"605":0,"615":1,"616":0,"618":0,"619":0,"622":0,"623":0,"627":0,"628":0,"631":0,"632":0,"636":0,"637":0,"640":0,"641":0,"645":0,"646":0,"649":0,"650":0,"654":0,"655":0,"658":0,"659":0,"663":0,"664":0,"667":0,"668":0,"672":0,"673":0,"676":0,"677":0,"681":0,"682":0,"685":0,"686":0,"690":0,"691":0,"694":0,"695":0,"712":1,"713":0,"714":0,"715":0,"718":0,"719":0,"721":0,"724":0,"726":0,"727":0,"728":0,"731":0,"741":1,"742":0,"743":0,"745":0,"746":0,"748":0,"749":0,"751":0,"752":0,"754":0,"755":0,"757":0,"758":0,"760":0,"761":0,"763":0,"764":0,"766":0,"767":0,"769":0,"772":0,"781":1,"782":0,"784":0,"786":0,"787":0,"788":0,"790":0,"792":0,"793":0,"796":0,"798":0,"799":0,"800":0,"802":0,"804":0,"805":0,"808":0,"810":0,"811":0,"812":0,"814":0,"816":0,"817":0,"820":0,"822":0,"823":0,"824":0,"826":0,"828":0,"829":0,"832":0,"836":0,"837":0,"842":0,"844":0,"845":0,"848":0,"850":0,"851":0,"852":0,"854":0,"856":0,"857":0,"863":0,"865":0,"866":0,"868":0,"870":0,"871":0,"873":0,"875":0,"876":0,"891":1,"892":0,"895":0,"897":0,"898":0,"900":0,"901":0,"904":0,"906":0,"907":0,"909":0,"910":0,"913":0,"915":0,"916":0,"918":0,"919":0,"922":0,"924":0,"925":0,"927":0,"928":0,"931":0,"933":0,"934":0,"936":0,"938":0,"940":0,"941":0,"944":0,"945":0,"948":0,"950":0,"951":0,"953":0,"954":0,"957":0,"959":0,"960":0,"962":0,"963":0,"966":0,"968":0,"969":0,"971":0,"972":0,"975":0,"977":0,"978":0,"980":0,"981":0,"984":0,"986":0,"987":0,"989":0,"990":0,"995":0,"996":0,"1011":1,"1012":0,"1014":0,"1015":0,"1016":0,"1018":0,"1019":0,"1021":0,"1022":0,"1023":0,"1027":0,"1028":0,"1030":0,"1031":0,"1032":0,"1033":0,"1034":0,"1035":0,"1036":0,"1037":0,"1038":0,"1039":0,"1040":0,"1042":0,"1043":0,"1046":0,"1049":0,"1059":1,"1060":0,"1062":0,"1065":0,"1067":0,"1070":0,"1072":0,"1075":0,"1077":0,"1080":0,"1082":0,"1086":0,"1100":1,"1101":0,"1104":0,"1106":0,"1108":0,"1111":0,"1112":0,"1113":0,"1114":0,"1116":0,"1117":0,"1118":0,"1120":0,"1121":0,"1123":0,"1128":0,"1129":0,"1130":0,"1131":0,"1133":0,"1134":0,"1135":0,"1137":0,"1138":0,"1140":0,"1145":0,"1146":0,"1148":0,"1149":0,"1152":0,"1154":0,"1157":0,"1158":0,"1162":0,"1165":0,"1171":0,"1172":0,"1180":1,"1187":1,"1194":1,"1201":1,"1208":1,"1215":1,"1222":1,"1229":1,"1236":1,"1243":1,"1250":1,"1257":1,"1264":1,"1271":1,"1272":0,"1274":0,"1275":0,"1276":0,"1277":0,"1279":0,"1280":0,"1281":0,"1284":0,"1286":0,"1287":0,"1291":0,"1292":0,"1294":0,"1295":0,"1297":0,"1298":0,"1300":0,"1301":0,"1303":0,"1304":0,"1312":1,"1313":1,"1314":1,"1315":1,"1316":1,"1317":1,"1318":1,"1319":1,"1334":1,"1335":0,"1351":1,"1353":1,"1355":1,"1356":1,"1358":0,"1359":0,"1360":0,"1364":1}}}